2020-07-19 19:52:39,703 ERROR     URLError while downloading image https://lh3.googleusercontent.com/proxy/Ix7h7kNCzh5YTUpsadkc0fmkz4hJIhqUBW40RdJIXS1eGpz_0HMV_5yerxfNuknqar5edB-5l1sNy4AlMZ0
reason:Forbidden
2020-07-19 19:52:39,942 ERROR     URLError while downloading image https://lh3.googleusercontent.com/proxy/p55cUVNGB5kyrMtrElNK_SetNDtSBmKM9m2rHbWj1psFZheTRoGu3EIYIAkfyvRyWKgYoXMLrq862DbbenCEpcO_FGhlVuG9XZx_MmgqCVoCQuWqJ-ucLbby4BMBoroPGWBeUQ
reason:Forbidden
2020-07-19 19:53:04,011 ERROR     URLError while downloading image https://lh3.googleusercontent.com/proxy/QmV0I4j2iwl5sskClBciRRZWlPFvCIEC0XQzZU4JjLmCQH0t5OFLiI8Wv2-ul9OYkAe3-2t-cqLfffpAegvEOupd
reason:Forbidden
2020-07-19 19:53:04,464 ERROR     URLError while downloading image https://lh3.googleusercontent.com/proxy/HukbJ2coZAgf1nBADm67nWwA37DTiGF7Md0AmIAASnJ4EXZq2KvxIOdr_KRgPaR2YElRLY3YiEpZv-14dNQlKXrP9fnp7Qo
reason:Forbidden
2020-07-19 19:53:05,528 ERROR     URLError while downloading image https://lh3.googleusercontent.com/proxy/6AWbqZ1FJplnsUnq4Mgh_rvvOa35ATAv-EStLU3fwXyVtWvWPjn1e3xn6CIXzJGdTyDE-hSDSe8JGr3o2IBfTNaZQX1cbg
reason:Forbidden
2020-07-19 19:53:05,738 ERROR     URLError while downloading image https://lh3.googleusercontent.com/proxy/6DDbQnQFXop_NmkVqWX2whZP8dnC8M9zimAsVXpB7plYQzFBfuLiDPNVgsT6S-VEZezFT2uJV3i_e1s78pnncOj_Cqcbrw
reason:Forbidden
2020-07-19 19:53:05,895 ERROR     URLError while downloading image https://lh3.googleusercontent.com/proxy/nj4FiVQHKJkHCEkoqnHLnqrbIhamb0UewxyFcuKumXUswm7hJxKR6M6vMsa5-J_sxFZKJIpcxsjz205GTGsB4AWggpll1w
reason:Forbidden
2020-07-19 19:54:10,063 ERROR     URLError while downloading image https://www.artandarchitecture-sf.com/wp-content/uploads/2012/03/DSC_3980.jpg
reason:Service Unavailable
2020-07-19 19:54:26,466 ERROR     URLError while downloading image https://www.artandarchitecture-sf.com/wp-content/uploads/2012/03/DSC_3981.jpg
reason:Service Unavailable
2020-07-19 19:54:47,911 ERROR     URLError while downloading image https://lh3.googleusercontent.com/proxy/bghWB6fuOLb2VV_7T78_LhxNqdvLvaRXz5-gR7LZ61VN066_eCsv_lUx73SvWXBBY_QvyhOAVdxKDI5Gx3iSe2cpkAvmQOB1AZuHcEo62kuN391L26kniqGCN3cO2r4Jg7DJZspnC2gBQ5z-RQ5wnCVGIJtQhTwVpb5UHz0Mi-YPHTVO2kjEPzjMKELHITCu
reason:Forbidden
2020-07-19 19:54:54,317 ERROR     URLError while downloading image https://lh3.googleusercontent.com/proxy/DsgTjpbscAbKFVQ6wu9pCZv8ANUYgW6_vvzwUbnizFJeHxTGbPn2rYUaqK_FmRi95Hax-dorJxScV370O9d7JFuDFHCbT6wLLz1BKFIzFh-R2tww8LdG0SMw8vFgBVmDxSqBfP45sCIlyy8NAFM01gcQ8tk7dvnMza4
reason:Forbidden
2020-07-19 19:55:21,707 ERROR     URLError while downloading image https://lh3.googleusercontent.com/proxy/yoAVJl1d1EUZKPYM13wufpJsRIb6o3QpW7DCqof5C6BM69u4ED6XlKBsZfox9jwngoP9OEH147xMiTNeSZubJs_LB1_FykNyP_l-ruBLzvLAjQLV3jLZBMny
reason:Forbidden
2020-07-19 19:55:33,555 ERROR     URLError while downloading image https://lh3.googleusercontent.com/proxy/xJrYlxrkcDXRqislnDwO4t4dtkQ8OUbHXBIETEfktPioxvyPsIise39mhEgXyf1hLEWnCxsCqKtmcnN4ObK4pIsqOTHSWW31ZF29g-8bkGcDjgd0zUIYqz4CJBv3LeEg11PpBguZcf_oUU-GXxtmiAdBoldbwXtfKQ
reason:Forbidden
2020-07-19 19:55:36,116 ERROR     URLError while downloading image https://lh3.googleusercontent.com/proxy/nbZPREmmE_VVM4UtJxOk-tJRfwS6RRBXBZfxxKEvp065YDsqSggiA47vYeS4kGZaQ6nQEOxiBnZwrKEmuwzJRX6bPNglXwmVMWyMLmm8V7IbYWUOUgdVNKg
reason:Forbidden
2020-07-19 19:55:36,251 ERROR     URLError while downloading image https://lh3.googleusercontent.com/proxy/9ojpf0zFzEY8Nu4WEWJ3V9eRh4uKiQ1TlE6clYxigv4y_nfJPgM4iWpKshnZTB5Q4RlwbF6TzvRfX3HyuT17Oy3nkJ6E76uajhPEW5j1j-d47TzG4QwB_JhJ2Kj_V-FECpRqmvSE_ythAPe0Xn6damSF8BP6jQ
reason:Forbidden
2020-07-19 19:55:39,259 ERROR     URLError while downloading image https://lh3.googleusercontent.com/proxy/dO3SRlXvlxEPIXkesSHAOZ4ofOg9WSoTIh80mbhZWVceHvd5qGTCDHlN4NVm3uQtEqBLf3KJ6CRJCUiL-8IdvNY1eAz2zH8R7rq2xzEA7z1jOgiga73_M9Q
reason:Forbidden
2020-07-19 19:55:39,400 ERROR     URLError while downloading image https://lh3.googleusercontent.com/proxy/FlVffm930jf_JBkkro1OZpwYiuNNOivLXbaiptxiYiQ_QZDEzRjRyAlw0Ob2U5t8lE-8rzOQfxLHjGl4BRyT0V68DvcfkA-StWcI4E_v7QGvgZ0vgiM7sGPKbIjhpIeqMibRe5Opu_sHzs9JnIzNjt0CZdojuA
reason:Forbidden
2020-07-19 20:58:26,917 ERROR     Unexpeted error while downloading image https://www.nationalgeographic.com/content/dam/news/2016/07/01/philippines-independence/01philippinesindependence.jpg
error type:<class 'ConnectionResetError'>, args:(104, 'Connection reset by peer')
2020-07-19 20:59:59,654 ERROR     URLError while downloading image https://lh3.googleusercontent.com/proxy/1tn481HExpwu7_H8fMfjoD1rInXf2_wjGpmj7Yk0mhQleoHfq_7GZHIgwUpmKmTApYxSHi082yGAmfbwQ8g7IhEF_fmKisZr-JKpypm_sv6_LdXcKFaoOUYwnbR20_lmjm9HFvK0Lbr5QZ9BtQ
reason:Forbidden
2020-07-19 21:00:01,989 ERROR     URLError while downloading image https://lh3.googleusercontent.com/proxy/fASiKvuOcb3R6MoD4Gfwkoc256WurEkLH5gX8PljG-yDpi08-V_nyWRW6En2xjFbZyJ9ZRoif0UK01OJfeNypCb9gigxbbG_MLywg3Uqxdlb0-gL_lHmfFrNbggktIOWfA7KVfdcDA
reason:Forbidden
2020-07-19 21:02:44,382 ERROR     URLError while downloading image https://lh3.googleusercontent.com/proxy/v7Ks-u9DwSg6iXBDtZUoLFj0qfgDO4OLPXJvf1m67q-5948Sc5E01KlnA6lFYmjZPFY3si6CH2eGhii4e5QkfvnrCKOKGTs_BOQUcoUPBeEM
reason:Forbidden
2020-07-19 21:03:01,247 ERROR     URLError while downloading image https://lh3.googleusercontent.com/proxy/qlASMCDtqM_PPVgWCQ2L5Zdr3mrgdUGq1OXfI6tQDdlNTYVadDTTt4qCeJ5jUsENRkZjzJBJy8HIGZaTO7FRm6CEpNG_MhLCvvMAYG6FzzoFzEmHkXPtVMc-t6KofPPfFR6iEU6I-vw1aXQdKH5GKHkK-UeIJ9cbzl0-
reason:Forbidden
2020-07-19 21:03:02,372 ERROR     URLError while downloading image https://lh3.googleusercontent.com/proxy/8hYueq7okjWmB_liYBv-PlNwvwDM1Vu7OCQ3lWZhluhTWZFQSuPd7FWbUUmUp3dFfAcoom-tTy7X6ltZa5qwjdaFkISpF_iGQEnWLCn_BB4ZPs3Dyg
reason:Forbidden
2020-07-19 21:04:50,214 ERROR     URLError while downloading image https://lh3.googleusercontent.com/proxy/NqxkauZjQUsbpNCFFHn-pVcLbrCg8XWV9cRODluWskMVd3HG_pmYrLPIxQbayRfDLo5AiQhI5RwW-D5IXHuE_B85Rnihr5IY7c7GsuT1mzZ4e6MW
reason:Forbidden
2020-07-19 21:05:07,735 ERROR     URLError while downloading image https://lh3.googleusercontent.com/proxy/eSRvdl2Zapmm9EWcU2mBO0UAmZakYvpUNNQeycsFrnjVOeSFVi0l3cVrGueZLNJvuXEI92KkoDO4ZDKwm3oc_u74TD25gF7wds4gSR7cFcBcDIE0kpCZwH0_nGSSZC3SFCDvgU22ezk
reason:Forbidden
2020-07-19 21:07:11,005 ERROR     URLError while downloading image https://lh3.googleusercontent.com/proxy/ivkke09YhoIpSa_Uk9muJd0tFEPC7XOO4TTZmUawOxR7feDeQi9E4WQqaBRTtOK4Y6m4BstArj2Ua3zvbis9s5IxnwrQJoDOh9IBQTDM1D4dYMezRLr7akrVOmSMswbZ_dvZpE2uEjKbAGAuQfQHb-Kmren0EgH6VA54jlaTeB2cC924Qy8YsRDJjT75fA
reason:Forbidden
2020-07-19 21:07:11,475 ERROR     URLError while downloading image https://lh3.googleusercontent.com/proxy/NqRNm-IfBeGr68IAYR8ptqUnGs__FzAJSKMA7fCg29ZRIzRAzPooL_Z3jpg8kaRsMKnMVa0Xuto8xgWFxeI2ZV5TmLTdFTFaTpn2c1bGFjUIcajr-XUcpS93_QvqAJ_6vm1drQ8KsyOfMzgUyzIYQaR6GZsMVzmdRf0BALZwPMy7PSlUx0E
reason:Forbidden
2020-07-19 21:07:32,357 ERROR     URLError while downloading image https://lh3.googleusercontent.com/proxy/tyN3MODP3ycYaN-pL3w-1XhcwvKAln1-kuGxg6WA3iCin6qP5Od-ianHeW9EUL7rwiO4h2unn7sz221-gAMC1pGJangaCaSVsQij2UPS5H19GtsZsc_eDFJ8cysaPOtKi1aR3coDyuc3
reason:Forbidden
2020-07-19 21:08:17,048 ERROR     URLError while downloading image https://lh3.googleusercontent.com/proxy/fwBfrbf7M9njeHSorindtQwHpRYuRhLDhezrbNjbC0MhCdAquSvtQAsFVZtD24YxxbHHjE3J6xk97uagasmAsciInil9XbR5Dy9kzEwXAlUB
reason:Forbidden
2020-07-19 21:08:23,353 ERROR     URLError while downloading image https://lh3.googleusercontent.com/proxy/bLf_bExVADBqDei3RDvU_ygLw5WrNqeZmZoZLCmlFpo7c2tTPzVPw0HJ0V2l1gGqwbKpV0v8LMV88qDXLgYOrIwjeoOpVKPqdPyo5XdntxpNYNQaLaZGfY9Af4TwuWBOFFX_4K2_oD6P6waZOcCuo6ofQQ
reason:Forbidden
2020-07-19 21:08:43,173 ERROR     URLError while downloading image https://lh3.googleusercontent.com/proxy/fq13DB2puTBweqStOZOvIVtL9-wus3KjH10B68M-nhNt4TYmwQQSHNzPFZ2HqC3vOgydOXvRm4uQe5V327j5ynqGo3N3qlt9fuDFpXal8UhKZdzZsQJRKvbF1Eaj_K5v07RTOZ6ItQ1K2g
reason:Forbidden
2020-07-19 21:09:07,021 ERROR     URLError while downloading image https://lh3.googleusercontent.com/proxy/pBCjuexg0eIMkKzDfj01oN7u-hknB34nn67q0hYDDgx9NNquT18PfWUDMgBrt84dPHZrXBNzlTz3LOPJBE-LfySodLcYvVuLQIVKf0-pmDsZYoP1LVwx1OcmVb1nTCXTDW6zVcEFbqH5La-0WJ6hmKdqqcu1YrVe5W1oW5S78nbPbHO553Mfyn6vsYfG1M866w
reason:Forbidden
2020-07-19 21:09:23,578 ERROR     URLError while downloading image https://www.shnsf.com/content/Images/venues/2000x742%20BSF_GGT_077.jpg
reason:[SSL: CERTIFICATE_VERIFY_FAILED] certificate verify failed (_ssl.c:852)
2020-07-19 21:09:53,756 ERROR     URLError while downloading image https://lh3.googleusercontent.com/proxy/r-wuNJsp5GhXIgFal8Yg_i-Z94yY0ijkqz4-Cz6Vku3tynrMEQ-_9Ry5AYnpBNPPW7FAKSrfXhUhf04aNC1cz8gG0OBp8kwZGFeYYiP7aV0Ru3QSmh7MD1JTLMB_zo_w
reason:Forbidden
2020-07-19 21:09:56,246 ERROR     URLError while downloading image https://lh3.googleusercontent.com/proxy/yylaa9IcZfzaplwhw1FPcdytYNCMJz3JlD2_-wjU6AF35ihJhF86IRT4xlJ8uIh5fxcosc_WczDlrbNvNZY_MIn4ngeDNn8iTi75cdFA6by7vMI_CX0
reason:Forbidden
2020-07-19 21:09:57,857 ERROR     URLError while downloading image https://thumbs.worthpoint.com/zoom/images1/1/0316/20/disneyland-icons-retro-print-cinch_1_e2d539296c14e5f6acb2ac740747ce4d.jpg
reason:Forbidden
2020-07-19 21:10:33,200 ERROR     URLError while downloading image https://lh3.googleusercontent.com/proxy/HjTqJcPc3mRVbsSamOeub6H9-ixj_cScSMQwq4yACQhg8Svln1ccvTjX9k3aSSJ5UzNdOkjBicq9GKrTaPIHhBZn0JLN6qGZAOxSfl6xU-o5rqBohfRfbDxfkKXYe6UnmuKIhWQBIwx0FKwfzSBR6MpjgrFDE8mRmcP1RHITq2zrWBL8U37--MxVfcor
reason:Forbidden
2020-07-19 21:11:10,246 ERROR     URLError while downloading image https://lh3.googleusercontent.com/proxy/oVFWQB5aB8Qtw9cn1WvKLmNta3K7Kc7qVJFiZH4Y-s6nx1-4JfL3sLQNnaQdoDP4YcfEZf4nCNQ_-mdhBgeMbbhwREeQdEfUKRsFIy9p
reason:Forbidden
2020-07-19 21:11:10,623 ERROR     URLError while downloading image https://lh3.googleusercontent.com/proxy/ME67Hbz4Kd1BUG30vBAgmrC0q6MmZ5WiIGf3yGqQExa4_WvY7Jw8E3YCYVpCPRulg4C5I9lx_izQPc4ARgIVLFzs7uW6YP1m-i9I9pyJ6Oq4UMW3eENQkdS-yTsrlpUl
reason:Forbidden
2020-07-19 21:12:04,550 ERROR     URLError while downloading image https://gonola.com/images/2018/06/Buddy-Bolden.jpg
reason:[SSL: CERTIFICATE_VERIFY_FAILED] certificate verify failed (_ssl.c:852)
2020-07-19 21:12:04,680 ERROR     URLError while downloading image https://gonola.com/images/2018/06/Pythian.jpg
reason:[SSL: CERTIFICATE_VERIFY_FAILED] certificate verify failed (_ssl.c:852)
2020-07-19 21:12:05,777 ERROR     URLError while downloading image https://lh3.googleusercontent.com/proxy/nL0g3OtfCnyU0fA3T_lQLb0Iq9l3SQy2HFZekJb7n-rQ9k8FQ7BYHryhDQgzHKcAqmP9sfihTjbyROtucSzeqIrvAvvkH3jLlQ1i08hqc5qY9tx-Jig
reason:Forbidden
2020-07-19 21:12:47,115 ERROR     URLError while downloading image https://www.americantheatre.org/wp-content/uploads/Three-Tall-Women_Custom-Made-Theatre-Company.jpg
reason:Bad Gateway
2020-07-19 21:22:21,885 ERROR     URLError while downloading image https://lh3.googleusercontent.com/proxy/rq79G_zReMseU7Pr2fHD80nM8n0M77D9A_0tH-dlgZ3Fzyg-Y0M6g8Bu7vC50UUtEW0YI4R3iN3DbiIOkthdNOpghq1f_oKKA0yZ7rBZnQ
reason:Forbidden
2020-07-19 21:22:24,953 ERROR     URLError while downloading image https://lh3.googleusercontent.com/proxy/EZgPRMkH4iM7yTve1hqFs2P8961tV0-mNVKnQOmGacZW7idfZEgYNfNsiMw8dDzihWU88HLoBqwLtRI9RAbXhmoqE59x7xmtR90hz24DfgHLlQ
reason:Forbidden
2020-07-19 22:24:18,798 ERROR     Unexpeted error while downloading image https://www.makemytrip.com/travel-guide/media/dg_image/singapore/Vivo-City-Singapore.jpg
error type:<class 'ConnectionResetError'>, args:(104, 'Connection reset by peer')
2020-07-19 22:24:23,602 ERROR     URLError while downloading image https://lh3.googleusercontent.com/proxy/OCN6RoE9FDVOCLaTYTmFoRiiBMyOzMG2aypGWOlZoort9THnIv4ExRwSzf8Vt0JiBemuW7hyTn1dprb5zZMR6OsxqgxiFn-IKS-0Et4Jiw2-7vLqY_lwVWc8uPoRkwOM
reason:Forbidden
2020-07-19 22:24:24,828 ERROR     URLError while downloading image https://lh3.googleusercontent.com/proxy/82I3BdeDtPncRMG3S6Y9q7X8cdtQWaJjzpsvJOxRWjf-GDw8xB82TDrpJcb3NLLUMh7-ku_Tez8YA_hD306nIBnZn7GdQp51dYpGVdV1RrVkWQC9WsfDX8bYaKP2UA
reason:Forbidden
2020-07-19 22:24:26,773 ERROR     URLError while downloading image https://lh3.googleusercontent.com/proxy/UIiBRFsAScwY2wIvqciZcLFlV9Ygu3dTxHNamEE1T5ftx3_rV-hO5c2XTCiiq0_GuUxjcGwrNbU4CvAbrRNhIa2Ucf7SOMuxom-YrKow-g
reason:Forbidden
2020-07-19 22:24:30,010 ERROR     URLError while downloading image https://lh3.googleusercontent.com/proxy/Uyhhp4-2k5e_ZPccpECrBAXK8EdTdXOjHVJBDs7i4CNsok00EhuL1hMnTDrzScQbUyegF4eBjRrggKQYECO9dtE4Ol3fxT5M9ZugHOVlhgOuc_aN-myQVnI
reason:Forbidden
2020-07-19 22:25:41,975 ERROR     URLError while downloading image https://lh3.googleusercontent.com/proxy/WQ2Zp8uSCKCMb6qrlhxiA0pTDKmVuinnsoJbLi6uY-49mluVQb72iz3y1YfvO4bIryj5Nrj9F1w74g-eQ4Z4yz2jQx-hGxYYbj5EATIM5R6qR4DLbIYqI_4
reason:Forbidden
2020-07-19 22:26:50,432 ERROR     URLError while downloading image https://lh3.googleusercontent.com/proxy/l8j96NnlIie-gpkqnY5cmdbOOnSghW2DU7Q9LQltiV0Fr_x_GXR0NPtX7UgAU7D4MJcA8GAx9nAijkID5DyI4rF15AmxoJVtuSaefvCWduRAsIhQ9Fg4SmhuuDTKemQ04Z4o59yESIr7_v_vYKb6F3k
reason:Forbidden
2020-07-19 22:27:18,403 ERROR     URLError while downloading image https://etrip.tips/wp-content/uploads/2018/03/julia_argentina_market_featured.jpg
reason:[SSL: CERTIFICATE_VERIFY_FAILED] certificate verify failed (_ssl.c:852)
2020-07-19 22:27:18,910 ERROR     URLError while downloading image https://etrip.tips/wp-content/uploads/2017/05/chris_budapest_szechani_landscape_featured.jpg
reason:[SSL: CERTIFICATE_VERIFY_FAILED] certificate verify failed (_ssl.c:852)
2020-07-19 22:27:19,476 ERROR     URLError while downloading image https://etrip.tips/wp-content/uploads/2018/06/chris_042city_sightseeing_san_francisco.jpg
reason:[SSL: CERTIFICATE_VERIFY_FAILED] certificate verify failed (_ssl.c:852)
2020-07-19 22:27:20,370 ERROR     URLError while downloading image https://etrip.tips/wp-content/uploads/2018/09/etrip.tips_zaanse_schans_day_trip_featured.jpg
reason:[SSL: CERTIFICATE_VERIFY_FAILED] certificate verify failed (_ssl.c:852)
2020-07-19 22:27:20,896 ERROR     URLError while downloading image https://etrip.tips/wp-content/uploads/2020/03/aviemore_featured.jpg
reason:[SSL: CERTIFICATE_VERIFY_FAILED] certificate verify failed (_ssl.c:852)
2020-07-19 22:27:21,587 ERROR     URLError while downloading image https://etrip.tips/wp-content/uploads/2018/06/chris_010kimpton_sir_francis_drake_hotel_union_square_-san_francisco.jpg
reason:[SSL: CERTIFICATE_VERIFY_FAILED] certificate verify failed (_ssl.c:852)
2020-07-19 22:27:22,140 ERROR     URLError while downloading image https://etrip.tips/wp-content/uploads/2018/06/chris_038city_sightseeing_san_francisco.jpg
reason:[SSL: CERTIFICATE_VERIFY_FAILED] certificate verify failed (_ssl.c:852)
2020-07-19 22:27:22,671 ERROR     URLError while downloading image https://etrip.tips/wp-content/uploads/2018/06/chris_002hop_on_hop_off_bus_san_francisco.jpg
reason:[SSL: CERTIFICATE_VERIFY_FAILED] certificate verify failed (_ssl.c:852)
