2020-07-19 19:49:54,969 ERROR     URLError while downloading image https://lh3.googleusercontent.com/proxy/jAN4zMw_a6ytZI_6VRSyQhlohbGYN5fXuZugBn5WwSa1XdQTMr58LI5ho-IEHexm3S1USO9h22DRgVJJ1excOy3R0gNFv6mzC-xGKD27LQc65OzKVu9p0O1dZjaFK3otVyJeGxxSeKAtMQbqM72mqW5nq_Az3G7rnQ
reason:Forbidden
2020-07-19 19:50:30,780 ERROR     URLError while downloading image https://lh3.googleusercontent.com/proxy/m7P0BCHpjTnYPsQ0dV3cVWCrlYWrq7-poBfs6BpBzrIdLV6Z_JCf1pUXdLDzkBT7Wkd9JJdre2Wb_Bcqx_lMUhlkXTLtmS_Aw1nh5axF4_U8
reason:Forbidden
2020-07-19 19:50:31,612 ERROR     URLError while downloading image https://lh3.googleusercontent.com/proxy/Wg_3HgpNgwm5r-fWmgeYQxoTxL9HSN1g0DrlFbv8T3oXZ9Yv2WVhy6bRfXTQx4aflN016RHZ1pJaM45-lTC_0wP6pgY6Yo_2fr3N8_UOpKBvFQ
reason:Forbidden
2020-07-19 19:50:31,749 ERROR     URLError while downloading image https://lh3.googleusercontent.com/proxy/yLBryYM-7maJUTq0DL9B_3TD0Nv2pmATqjW2xE8f1syQLttsBdVZbL7DknTLuNFiWONatvCr0pOkCeApiCg0GCktRRYS6shExdxwBtmujA_i
reason:Forbidden
2020-07-19 19:50:31,936 ERROR     URLError while downloading image https://lh3.googleusercontent.com/proxy/jtNHkF5gwRyT4gjT972lPNK2wnuTqzTK5Cd3CTtCpz_5wcEDOyd6UAbn6CkMTrgft8U1tiWGJQeKWSdJnhQBWb662_6bJsDw_3PSiUxpoXtZ
reason:Forbidden
2020-07-19 19:50:32,121 ERROR     URLError while downloading image https://lh3.googleusercontent.com/proxy/Rim5OQMAGTv6w3Oak6vW3D_w1erbUe83Q8uHgdHkYViJ1kgT1C7JLKBmdc3SfcpCP4U-QbMJZmKm2xOlMOp3cTKHuLB8saahsxRGTcVlOrUT
reason:Forbidden
2020-07-19 19:50:37,686 ERROR     URLError while downloading image https://lh3.googleusercontent.com/proxy/WAPcHei4xJPhAEfSMgjEjcRz-ubUe4RPYGpCJdJ6GqitFxHI_xfrs4iDm4DVBOJlYX6UrbT5E3GaiiKyv70s-JaIJe2rIxGaeP1P08spJNL2h_9dOHiS7wTFRC4FRgvpouax-Ky7DR-rQfQU6DDY4CFgXip4Sac
reason:Forbidden
2020-07-19 19:51:20,979 ERROR     URLError while downloading image https://lh3.googleusercontent.com/proxy/01Ex1_zPDgBJicwh59kAEu8dC669iDw4VGRNhBixUeI_D2K0r1Q7RYnZCEcVnjWi3EiL3hGpYjUSWkMNlF6k5soLy3zXwDJtaWi2dCs1Z1A
reason:Forbidden
2020-07-19 19:51:39,482 ERROR     URLError while downloading image https://lh3.googleusercontent.com/proxy/gLKlL3M0456zZFotscsd4PZE_Ik1RbFfNSurUQSJKSHL-dbkawTR3GwNr3i-I0X-AGAUulfbrF7R_DmU_zFdYwieHY6raGPfcqnqpvrD6XLy
reason:Forbidden
2020-07-19 19:51:39,608 ERROR     URLError while downloading image https://lh3.googleusercontent.com/proxy/NvZaZuOJbtCQMVofzBANv4p8UUqYkx2OPTg1UMrDlDegwn5o-NCqPc3JG7KOCMvBLj75bx3Hhh2AbdmIuuxCEsqQPweBiOTcaXBzb4VCcehZ
reason:Forbidden
2020-07-19 19:51:39,742 ERROR     URLError while downloading image https://lh3.googleusercontent.com/proxy/ok0qKrObs9wxurUpSlQIxDaguxLDBLkTeui1mcWSgV4_lmteTPs4VkiE0NhDpaXmVxUV-wkbpz7G1N8-MNv5uVKy_A6oVJuYYGDJ3rj05NTc
reason:Forbidden
2020-07-19 19:52:10,718 ERROR     URLError while downloading image https://lh3.googleusercontent.com/proxy/6oTAHBdwHx1W-_hKWqSK8s0r3sj8p5CfbTVynik74Xjxx6T3s4cyn2pAvKwQ4rzb2S_e3lE47ADzoqFQ6JmscWxx9AHTJTsPlPi1_e835NdrPzuXmthAt9ZDGOrGtIJAWpo2Xv8
reason:Forbidden
2020-07-19 19:52:12,851 ERROR     URLError while downloading image https://lh3.googleusercontent.com/proxy/1fEptaOV8MZjc68vLqwDIH1dQPz1QILaOHW4UY50bXzNROzr-Sph8hBY6_a0e0DZ37P-V-DvT_DNqPcMRQlDXGxAiJj4wuyc9u4a_IMPDSUbZ4JNxruQk6zTjRBdXXrlf8RuTLob-lqCt-FB
reason:Forbidden
2020-07-19 19:52:23,947 ERROR     URLError while downloading image https://lh3.googleusercontent.com/proxy/QMVp0mcItQBhjmmY9Hq03eUix_6AAja3No6FrE5bNggruQo7foWWIpvVOdfo-8It0rEf27HjNEV3d0-euHSFEDzGZ6meVtxMFOei3RwKjHPieMaRMLA
reason:Forbidden
2020-07-19 19:52:24,142 ERROR     URLError while downloading image https://lh3.googleusercontent.com/proxy/s2wOEqztaJyAkLUNiwarIH6MvXRYQr5tQRGWoDBv3EIVeNiWE-X3rCtK9Y4woNSbpzWcVhNekUCq1TF1BY2PAIEH65gmtnsYMgMJyOyOIr5nzMfvmfHTVX5d
reason:Forbidden
2020-07-19 19:54:01,856 ERROR     URLError while downloading image https://lh3.googleusercontent.com/proxy/sdvEJaOwxp4bruDTzpsSPl25i4FG1AWluIbl9fgtbD_2fl5ojU5v1nUfX17Xg7UpXX0KpRL4Cb4_O4CTC9Dxl9zHFLxMEDjLQoMMBKKQb_MOUj22eRvQx-NF1LNls7JW937xI7x1rCBpNe05v7YIg45AAh5L07aMk8AsZ4WhIb-aKDGdLCRNA6VVJixnU2K6jyzP6FhlE8aHTMQAjn0D_gf1sD4vUzn2
reason:Forbidden
2020-07-19 19:54:52,566 ERROR     URLError while downloading image https://www.artandarchitecture-sf.com/wp-content/uploads/2012/11/DSC_9477.jpg
reason:Service Unavailable
2020-07-19 19:55:05,481 ERROR     URLError while downloading image https://lh3.googleusercontent.com/proxy/hB6LhtxVrO-TRn9l18moTHqWWPQHkBiYpBU8h7e4_auAhXMbr86fgMOVYQ6EAnU5PRVcg2NSBd8yI1a8aIJLKDA7lobiCcnYBL-sNbirHbkoiv4rR6MiLTl_F3reohHXddp9v14U_C90-dzi1ue8VTc
reason:Forbidden
2020-07-19 19:55:05,689 ERROR     URLError while downloading image https://lh3.googleusercontent.com/proxy/exbpZLYBfn0Dn7EMYJDoLaets2i_eJmtjmxxg9zxJjR-7po2QeLngjkE2F4Rof5YX8Dicg3lcZiTirb7pupvZYsvXUNBfcU5dxTMsNV8U2zEaye_j2lkbrOQJzfAduJqUGXLcpPhuHsDfdqALIlYi3w
reason:Forbidden
2020-07-19 19:55:52,679 ERROR     URLError while downloading image https://lh3.googleusercontent.com/proxy/txRLPxPZMMcFu-BHWbxw80MOZfn3subRftjoZjjYodykO4iJ4GuaM_2RCuqxlzaiFLDF2Ogt8ekMFKPnUm-eYWzNEYLosuSRtb2aNq93XXipH7pZMsS30aOy-4g2OZuu
reason:Forbidden
2020-07-19 19:55:59,112 ERROR     URLError while downloading image https://lh3.googleusercontent.com/proxy/KvtVXGbPuUs_hvRhPvukI8KoOy6ZgT2Ps1HxcG1slcSRaLMQbYRkMcIu4HvP7Dd5XK72S5zl7bgc-sUray7hFSuEZkhWPJ2bhgejxn6VMppUNbcgf0pPQ24
reason:Forbidden
2020-07-19 19:57:03,978 ERROR     URLError while downloading image https://lh3.googleusercontent.com/proxy/0utxnt4Rb1XgmoBj_c1WR-wtsEO3hia69ARSeKU-vzVmxW04AV9jMQoIzVZqc18h7YxhCW3GxP9a809Kz0wqL5EKvqfACekj3Oic
reason:Forbidden
2020-07-19 19:57:17,424 ERROR     URLError while downloading image https://lh3.googleusercontent.com/proxy/SrlfIhUQx0qfQb-m46VuGEonCtRR7csDsP8e6OawSRxP6WTmlQvW9gyez6qxDitc32dmG4iBpYdOtMqm4iaZgY0Mr5lAr9u4zEpWWSdQ68buzG6M3W6sZgXWCLhjCL035q2D9I0QBHxbO7pvS2WMJeO1zqdxYwHaSPOz
reason:Forbidden
2020-07-19 19:57:18,416 ERROR     URLError while downloading image https://lh3.googleusercontent.com/proxy/kqN2yHWu06BgAs6_xAUv8fNlT9ccMCN-phzcpP1AIRyWPvITg3DoEHHQP6nX9umHEaBkMQ1GZra8MPMTMNOprL2Ztfedn3H2uOyLGKLRA6NcaHGIwgpKhIb6swwoAI2xav-3lNpQabeHRulzA-cTPw
reason:Forbidden
2020-07-19 19:57:18,559 ERROR     URLError while downloading image https://lh3.googleusercontent.com/proxy/JsgPLkf2LFhLyFZ6f7rvboMxLGN-pm0fQ1HtfmWSyIcDIKCYx4y3txDcz-BlqM5gF1tyR4S6Kedp_aDHQ4CjDHcQ3qxpYa_31AjXoy8H2nr01BSD7jl362lw7ZMgyNQMp_S78mAFP-x53JzuDUNpgOVhBZjTPqhxNTYv
reason:Forbidden
2020-07-19 19:57:18,699 ERROR     URLError while downloading image https://lh3.googleusercontent.com/proxy/d2cEDbmc8VHKE0Jli3BcxA_Qmco-hm8w2aAg5t0jr09INTz2HsSByeylpln7IkBoq48rZkC18swJhSeZ-Wk_iQMShCKmL49c57uDMXpFGgMLFNf-F_TJtnmPMhVccqRAtLZ7iHUqmi9jpIYEpXuNEPwJcyIIR26n1GMV9MeQSAye
reason:Forbidden
2020-07-19 19:58:12,376 ERROR     URLError while downloading image https://lh3.googleusercontent.com/proxy/tYEve0Jangk6BWvA4Q1txvC1y19OhOGiB4wq766DfCyRR54TqxNjYVO43KN6DVl8a3t6ecGq9onp5vtgoeuTiiLCwugDYIqSgqt6XIHDprGfnBHOCf2En1kjvGeUQCRO5yJMTqdi984PLEtirQ
reason:Forbidden
2020-07-19 20:59:58,434 ERROR     Unexpeted error while downloading image https://www.nationalgeographic.com/content/dam/travel/digial-nomad/rights-exempt/files/2015/11/columbia-state-historic-park-california-590.ngsversion.1513908382164.adapt.1900.1.jpg
error type:<class 'ConnectionResetError'>, args:(104, 'Connection reset by peer')
2020-07-19 21:00:32,408 ERROR     URLError while downloading image https://lh3.googleusercontent.com/proxy/yG04TcQf93vks9LWVGyV0bBMTqOtBcb7-me7n521MZLx2poSglehGWC8whhBRPzNZKIAMyivPrF0chVp_NKSBkilKywY0dgC9113RFL0okeHNeIWTyGiW6yU8sdi3hHHHdiLSo-JrvM6IA
reason:Forbidden
2020-07-19 21:01:16,385 ERROR     URLError while downloading image https://lh3.googleusercontent.com/proxy/1b_UYEap8rWC5zQQGF5fJhkEIvKxesfvEUdnnhTOgCrdwGYS10a-airCZg2gQx8K3ZgTDwCo7OhIavQPsfEMkXKwc2_zBtDHoK2M9drborrBP-tqtoGm1ozeCKhdRGgm84Db
reason:Forbidden
2020-07-19 21:01:39,703 ERROR     URLError while downloading image https://lh3.googleusercontent.com/proxy/DfympGM_VN6npA1XJuKTayiLRsRKJmJVOaiIei8jZdkC3IV9XVZVP29OjMeQMPjiqIkvmuEtm43Ml5Pp3P5AJjrzJv0QnGKSapjkrYDk-vlX1dUt8A9IJOOkWqAGlysZde_xGygjkWMrh7yoCc0
reason:Forbidden
2020-07-19 21:01:54,181 ERROR     URLError while downloading image https://lh3.googleusercontent.com/proxy/rbJsADGaFJ8lPvCIYRts3fv66vMtQyM7NcuEJZhwM2WmpQjzpDMMpHwipmsAp-ZCn0NwlCZgkiq2vbZz9bAzu3BDiwuZwpBcD02mPrJ09Q
reason:Forbidden
2020-07-19 21:01:55,051 ERROR     URLError while downloading image https://lh3.googleusercontent.com/proxy/IVCmPsDC2z5SNFUKgh-D7SrYwMxQey0EQXrj_s8cN_JNA8Yj3ahxZOVLH5vvDybLqOA4KswdPYm_n48kIJw2Y1OpDIvl8TKeV142kSALkg
reason:Forbidden
2020-07-19 21:02:33,086 ERROR     URLError while downloading image https://lh3.googleusercontent.com/proxy/HS-BA__XgEh7QVCBovimw_T8okyl7HyO7EjFilDC7kCTxI9rdZDZ9vvdMsXUGJ4MylTR2V3C2fWClZgAAvlKRzgSWzJGww3kocB2
reason:Forbidden
2020-07-19 21:02:33,223 ERROR     URLError while downloading image https://lh3.googleusercontent.com/proxy/bkerovXw4kavQE9kcJs2uoboV2yse1BgL6eeQVfKTj1x_ZedqTwucD99WwMZnToH9xeD_Urh7Zb8PMFZ0FCCPzSba2L6v4CMk0Vp
reason:Forbidden
2020-07-19 21:04:39,247 ERROR     URLError while downloading image https://lh3.googleusercontent.com/proxy/Axlq5oSCnfjbFRNQRR5pES2HOlB0cxgUIOgPcpM8V5REvXQl5FnPLWJaOjRXSmWLJ1Uk7cfHTFyd1TsHB7wvBHB7XiNJGO1zhbQFzXvTtALLNoDOwyImJjI791rX7fcrjLG6aMyKzJn_-J4BhcU5pUYpkQ
reason:Forbidden
2020-07-19 21:04:40,514 ERROR     URLError while downloading image https://lh3.googleusercontent.com/proxy/a_tW0gXVwhVkp1wPNPWzpb_MetZHvgYpOFPHBg9O72GmuMgDPNm2btIs1Rfr1HycSy1XBo4B-1RJzgNLPs6eDuErSDFcEHJiyNgm1i_22lrLtxG-g7xxTJ1Jws0EyXiiCBQ
reason:Forbidden
2020-07-19 22:08:16,625 ERROR     Unexpeted error while downloading image https://travel.usnews.com/static-travel/images/destinations/20/gettyimages-92930020.jpg
error type:<class 'ConnectionResetError'>, args:(104, 'Connection reset by peer')
2020-07-19 22:20:21,382 ERROR     Unexpeted error while downloading image https://www.onetravel.com/going-places/wp-content/uploads/2018/04/Washington_DC-Fiesta_Asia_Street_Fair.jpg
error type:<class 'ConnectionResetError'>, args:(104, 'Connection reset by peer')
2020-07-19 22:20:22,709 ERROR     URLError while downloading image https://www.destinationcoupons.com/images/715x260-city-2swLRWs2uRlKq.jpg
reason:[SSL: CERTIFICATE_VERIFY_FAILED] certificate verify failed (_ssl.c:852)
2020-07-19 22:20:40,267 ERROR     URLError while downloading image https://lh3.googleusercontent.com/proxy/qiqDjvAUuMTWFOEfjAyUAme2X5olVy3V3xdgs16plHrnN84Qt3Tp0bKsL9OQGfJH3umhCqjxQnDBQfyjBa7SWdlRS-kckJdePsIxPJDPXcHVzkDd15gQA1dBKkSasE9Shk-2DqBu0SrH1SYM_2YrBmN3
reason:Forbidden
2020-07-19 22:21:12,674 ERROR     URLError while downloading image https://lh3.googleusercontent.com/proxy/4Pe358GsD8HSpMsmFMempbAXYpwx49vU49lhUXailKoPUXbQFtSeWRlAOGslTecvoiku9OkG0U5mFKQNdG-QwmIvYHZ0RKZVIM7YP3qRYZMJYykLdOcNW_8y0KI6XvKdez54Me-lHg
reason:Forbidden
2020-07-19 22:21:13,735 ERROR     URLError while downloading image https://lh3.googleusercontent.com/proxy/iWznd3h1oENM0xgzPEEJTlS0lkerXEmSDEZDQdsqfsuH-0suAebs0gjMJpvDSQrnP6_jBkvPriFCKMmNTzwahezmT5UlZJxg34TIEyVBNMRsOriFvP_eCO6cNYxYvaTUmCyZIqGEuw
reason:Forbidden
2020-07-19 22:21:14,192 ERROR     URLError while downloading image https://lh3.googleusercontent.com/proxy/8rVqQyRfFyVF89h2604398jkZ4isC7dDYq7YpJAf6o7A-Q_7_Kkwy1Z-50ofvNopMJY57ZZP9xVNUvIEs4Pf6ZzaO8mTboCX-mX_7fO8pJj7rkjfB5aqxx-Be7vKtf7OkoLO7d3Brw
reason:Forbidden
2020-07-19 22:22:06,638 ERROR     URLError while downloading image https://lh3.googleusercontent.com/proxy/W_SKvH5poNRaT6CTkL1bALFA_mA71l-eSTWt4q8XGoXMkXSJwf1H88BWkiNs6wIgYJjG3cTCaOWLq1WKdyX67KMjkCD_H_-Mkw6jGsyR0QYtUUfd0PEALyYlCqewhVCgs0wkzVeLHlXVriw4kaA
reason:Forbidden
2020-07-19 23:27:02,103 ERROR     Unexpeted error while downloading image https://travel.usnews.com/dims4/USNEWS/3aa733f/2147483647/resize/600x400%5E%3E/crop/600x400/quality/85/?url=https://images.trvl-media.com/hotels/1000000/10000/5500/5490/34b74c46_z.jpg
error type:<class 'ConnectionResetError'>, args:(104, 'Connection reset by peer')
