2020-07-19 19:50:17,827 ERROR     URLError while downloading image https://lh3.googleusercontent.com/proxy/ox2fLUo1iqp7CMkG-bg5lwz4IEFWgkPJ6DxMSZKb8o195sPTwFW9QWJpQ12ZA-zFLqCy9js16d3sUfTN0qb0XQ9aunIBbir6d_3E_6VrqwiXkT1f5GrwfjAsqqYTdrcG6isfgYM6a9_TF70sag
reason:Forbidden
2020-07-19 19:50:22,181 ERROR     URLError while downloading image https://lh3.googleusercontent.com/proxy/hKFGMEk0TWRVvnIiYE1bkb58VErQghDvTXooj0lY1T6_b4BAHAZaffdEFHlqahLmflPCGgAt0mdE9ViUCrH0Y2bQm9ddg8kgcRhLM_Xgbsw9Zy02fPZM4MGWFsWjVtFZ4NZBew
reason:Forbidden
2020-07-19 19:50:49,794 ERROR     URLError while downloading image https://lh3.googleusercontent.com/proxy/GvU8eDbHlaj4Mf3ZLnxXZw-Btxcgo3XIpXIOaGEExW2zbrZWUAP2OApgLyVl6XbaJjjv1DXf4mdI1WmpmnpmGmQMfqInOnw-KunG6i3lJrUSLViJ-HfEbsHBe3uEvP3Qn9_y27uJQQJESJ7aiqPXaei2C3k
reason:Forbidden
2020-07-19 19:51:14,499 ERROR     URLError while downloading image https://lh3.googleusercontent.com/proxy/IpWXMx6Jha45vwTjOpdziJf-l_PrahuB-lEBrjqlkxcJoykR5sX8pV3bWHV07IuMPpIuICvMgFjcWFvEmfrAzsMm81qpwNcSFfhk7xd1OrjorbWavQk_6iQwkbcOS6RXy-WpmyUlIg
reason:Forbidden
2020-07-19 19:51:56,651 ERROR     URLError while downloading image https://lh3.googleusercontent.com/proxy/jfkMfj_SVc1SgBmY6u-IiGBEO_WPAANBqMbrKPNNHNsvd_H4oyqDXAiTzDwhc4H3aXo6JpDXPiZP3X6Ydp9lleVGkBTbuiUrUgPHNJrCg5Y5xX2fJAqDgImg22qHpyzozq8bHLqYVs_E4h3VCOGNmEUaXHBeL4TL7fWIQKjFwJBqiUUdj0wHz2jZbZv0i-TszzBgusDl7aPIS2a30ynb3QxcJzs
reason:Forbidden
2020-07-19 19:51:58,566 ERROR     URLError while downloading image https://lh3.googleusercontent.com/proxy/4zYLuKLqAy7pRDmPWwf9XpnJYCOZPrMl0q5_mhlUnEsr7AB7UY6H-yOf3oC9HroQVRtmcpj-ScuyZC_yRQWiVOjFU_bOe63PZY02ZLYolIC0FCTHnFvreYJoDDUg6F5qzmozw3u4BJGqbVWwIyWMrZ8nHo_6J08iZGlxXZh3UvefwlA13Mw96f7_f1tCP5UYdOvpFXMuTsYFnz0WJylm6uv8l_o
reason:Forbidden
2020-07-19 19:53:23,903 ERROR     URLError while downloading image https://lh3.googleusercontent.com/proxy/lcGqC7tvV7ldDYQLs_DFbvV-GYnP3OnWyM4gBoeHuAImENInIQvawLuC8g4_8rTULSvBhULLQpinio2a_PRWi69BLmPajAMPuB83uvFD3qGrN8Z_qJh-_Oll39721Ltk
reason:Forbidden
2020-07-19 19:53:24,224 ERROR     URLError while downloading image https://lh3.googleusercontent.com/proxy/oA23epKqkR5FuNtXHu14_9srRt-TZyf2BsMOmIgNi471z7ejuX7lAXuU_FlGiiEY_P_59lhlcD625kE2pPzMaoNgEQtLMBk-MTO4g4x7acR8KLQBR5aF4C_k8v8pXi4-cg-V01I
reason:Forbidden
2020-07-19 19:53:24,721 ERROR     URLError while downloading image https://lh3.googleusercontent.com/proxy/WXQ9WG41KmnPsF3kjmOmNo_jTxnOD293XygY7kL3bvWqvD5NVpZUxh2vJaqPKtVwrSDjy6uaXoTbrPL-X13oC6YO8PfKMcuS8LVRQSj2sQlS4fmPN9UF3FzDbQ
reason:Forbidden
2020-07-19 19:54:09,949 ERROR     URLError while downloading image https://lh3.googleusercontent.com/proxy/_prBKHqPvu9YaP_T2jmIBsaF6DglAvt99sGGW6_bmGgwCKc5bwNNUMyaIWNowdhRXd11zyjzmOF3UU222TOUcEU--4Nv8pn0RFMY2yjmnjIUhE7qgRBwovIRYRL41g0
reason:Forbidden
2020-07-19 19:55:27,428 ERROR     URLError while downloading image https://lh3.googleusercontent.com/proxy/EfeMGZwwfVxwx9zQ2TWEAuf0xqEcVyc6wLt9UmtsiFwSiUnWOcg_o0oK5rr60r9Y2vgETfmDmbmzCaV8Xr-0nfVLuUT-gTUgOcWowDWTLtK6OfmI8Z3-bEw41oMjwd90HGzcgA
reason:Forbidden
2020-07-19 19:56:10,406 ERROR     URLError while downloading image https://lh3.googleusercontent.com/proxy/-yHZbTrqH5SQ-wofOIDk9d6EWO1NDhrO_c0CVQoP8WlKeObJ05TlWMMbfLJXpq4Sb46IzIWTYRDRpIHjt1FobxEBPYcDrGn8_tqTP4r9xZc
reason:Forbidden
2020-07-19 19:56:33,554 ERROR     URLError while downloading image https://lh3.googleusercontent.com/proxy/UEU5krwL8rhgOT-ZhA5FK7cN3ft5-dO5VotR9hyJ6FctdZaaVXPFxIau04P5hXr5XBrOTN3xON6kA-QNX_sxq8ybS5CKR6m3EaWsrjaRfjeR8nOe6UwlB-0kevPM3xiruea9
reason:Forbidden
2020-07-19 19:57:14,248 ERROR     URLError while downloading image https://www.artandarchitecture-sf.com/wp-content/uploads/2011/06/DSC_0261-1.jpg
reason:Service Unavailable
2020-07-19 19:57:21,035 ERROR     URLError while downloading image https://lh3.googleusercontent.com/proxy/vGx4E7xcw712Tddhu_yozYBYGYeSDB4ehLsSnz32qqOC_AeAWryA6O5ll1xV0V_F4L3EUALRqIKoGh3pPNm97dwRbm9GwEll5VkbpgHNdCVudal6tsbg7w
reason:Forbidden
2020-07-19 20:09:41,677 ERROR     Unexpeted error while downloading image https://www.mercedsunstar.com/news/local/community/mariposa-and-yosemite/scabcm/picture170615522/alternates/FREE_1140/Megan%20Kelley%203
error type:<class 'ConnectionResetError'>, args:(104, 'Connection reset by peer')
2020-07-19 20:21:43,043 ERROR     Unexpeted error while downloading image https://www.thenewstribune.com/news/local/ye5vsm/picture170848232/alternates/FREE_768/Boyfriend
error type:<class 'ConnectionResetError'>, args:(104, 'Connection reset by peer')
2020-07-19 20:21:59,614 ERROR     URLError while downloading image https://lh3.googleusercontent.com/proxy/kAkgFQ42RvTYkRfhOhw0xCasNV-V_6eTvUf3L_TiLH9-uHWyb0yNW07emo5ClkzcO_FWc9KT5eR8Nx3KlQvsvyE
reason:Forbidden
2020-07-19 20:23:28,282 ERROR     URLError while downloading image https://www.asce.org/uploadedImages/About_Civil_Engineering/Projects/Bridges/alvord-lake-bridge.JPG
reason:Internal Server Error
2020-07-19 20:23:53,022 ERROR     URLError while downloading image https://www.harsch.com/wp-content/uploads/2018/06/DSC_5637.jpg
reason:[SSL: CERTIFICATE_VERIFY_FAILED] certificate verify failed (_ssl.c:852)
2020-07-19 20:24:57,936 ERROR     URLError while downloading image https://lh3.googleusercontent.com/proxy/wtCbSQPxmMEH6gnVIvl6-ocvuwDpa_BM5Cl7z_1P3b-aww8FEaQA6qA4BFDyil6ekaSysJNH0LDHdp0s4ZSuyY_p-pjxDsT0JNFttYNBAmdU0MQMRbekkFvMKriDirCxRMfx4W7j8VObom7sisTaY3-MVZB2yIPQYu4LVJUxM-vH3hY
reason:Forbidden
2020-07-19 20:27:07,298 ERROR     URLError while downloading image https://www.artandarchitecture-sf.com/wp-content/uploads/2013/04/DSC_2464.jpg
reason:Service Unavailable
2020-07-19 20:27:16,748 ERROR     URLError while downloading image https://lh3.googleusercontent.com/proxy/tluNBK7edU2qLGUdu0Aj-sXt0R2n1VvcUzgW_sqhYzPnQjBjGr_FrtW2Dc_0EhHa1Ark3NxhjtQ1i-DjnCUuWSaf72GwQf8X6FVb3CCp5cRX1ew5wzY5MquA1TSf-z-HoEllBY2MH5UNTkeODFHL-bITziPjOg
reason:Forbidden
2020-07-19 20:27:17,423 ERROR     URLError while downloading image https://lh3.googleusercontent.com/proxy/NuCr-NWFA-Ko5PTzsQdl2b5e4-jjnVyypNK_21UMm6i_37xPTJK7JJJ7QLmWzggCttYZhiqtm8hT1KtzotKnga5Zbn15xGvAhFEXaIOBk4XVkQLPm1jDiEYEFg
reason:Forbidden
2020-07-19 20:27:19,336 ERROR     URLError while downloading image https://lh3.googleusercontent.com/proxy/qsHG-dHA9XPrUgmu_cpGcOkUBbmKoVzAguKDEMxBkWcbrLhgrglzgwnaJynMCNOa1Z_hyggYAKzGDErabAEUafGLJ54Ap0JwCvSebBSQuz16wViW5TLEuexEvcWZndL-f7VgCQ_WWBcQJMQ
reason:Forbidden
2020-07-19 20:30:05,441 ERROR     URLError while downloading image https://www.artandarchitecture-sf.com/wp-content/uploads/2012/02/DSC_3702.jpg
reason:Service Unavailable
2020-07-19 20:30:07,741 ERROR     URLError while downloading image https://www.artandarchitecture-sf.com/wp-content/uploads/2012/02/DSC_3710.jpg
reason:Service Unavailable
2020-07-19 20:32:11,501 ERROR     URLError while downloading image https://lh3.googleusercontent.com/proxy/SEpxQ78Z1LXbpUYp1xivsuHvTTfFwaArv5T4mSUZ17kl4spwcYPUP-ePSiYZE3P5hIp9gsuDNZ3HU6PO9-rI9xl6ix9djXLAA-7Gzso3FwZFx-GvKIFEhz0_t1-OLaU
reason:Forbidden
2020-07-19 20:32:48,567 ERROR     URLError while downloading image https://lh3.googleusercontent.com/proxy/noRGWR8LziqmLZoLTcamDfKR4xa4t_8MxpvxO8amp5GtyuA3wDwtMWjVEiH-aqlnqYgArmadO7G8YgwEmER2GOrNWE5cje6RK7edsfaGFFo
reason:Forbidden
2020-07-19 20:36:20,368 ERROR     URLError while downloading image https://lh3.googleusercontent.com/proxy/QVy1F9AUESMDAk3b9VOyqOQs7PR9NX1EdlE9z3_TZk5PKhmxI3K6eQpIZLlQwSpH3YHZ-87cyij9hTLl9bcf5T23_F_JSKGIpx_0Hhg4rBChKF8vg1_Zaow
reason:Forbidden
2020-07-19 20:39:11,821 ERROR     URLError while downloading image https://lh3.googleusercontent.com/proxy/y_U9rk-7mS5pRFoFOHMzZ1EF8Q_EBzkhuFTm6XdtzCZtTAwkiCPnkN66Z_iTIBci42NhzF8AgI2hKslFQsQV33D-PUJrIxEZb2YZSjfSjycwmp60KX2Y4PzIITEmvSWs9-nmhzJwOA
reason:Forbidden
2020-07-19 20:39:20,744 ERROR     URLError while downloading image https://lh3.googleusercontent.com/proxy/PUGMe7qsNUsldVaqrqIMhWVhofWqy954Rc06IYCVcW6pk3HvvrOt_3LpOP2eOPvZFW-bp4edbZLp0KuotQJqkg_EhN5czxo_Q8S3IkqBa73r1xZDUinThvC0KfOR20ctq_fGyTMrZPh5QoSUqzlyJzR8y9AeoUVvGTeU56ZH
reason:Forbidden
2020-07-19 20:40:47,786 ERROR     URLError while downloading image https://lh3.googleusercontent.com/proxy/KY47oRZLQN-yOd4c9GabgUSgxzIwiuMIgCZjSR-QW_SY3YTtnrsGpFao9RRt6-rEneJ_ZS0XdIBoiF9G0YLHayZl2LO7CxeG9i7sbjo7L2VNz8IQdfmT-k-aoPidJjuGp69me1Q9pfBgetw9Ru-UoVCz
reason:Forbidden
2020-07-19 20:40:54,548 ERROR     Unexpeted error while downloading image https://s.iha.com/00157194943/Rolo-Church-and-main-square-in-novellara-in-the-vicinity-of-rolo.jpeg
error type:<class 'http.client.RemoteDisconnected'>, args:('Remote end closed connection without response',)
2020-07-19 20:41:17,327 ERROR     URLError while downloading image https://lh3.googleusercontent.com/proxy/uhn_2_Ii-Ews9Qp-zWz_c5YC9z4A292UaI5ubMhQhevHKpCr9HkbrK8KrYjN9Ddq6TXC0_2c0kcRMiE90BjBYS8hUc-tZWSOJQbzdOulHTmYWGA
reason:Forbidden
2020-07-19 20:42:00,495 ERROR     Unexpeted error while downloading image https://img2.chinadaily.com.cn/images/201905/16/5cdd0954a3104842e4addcef.png
error type:<class 'ssl.CertificateError'>, args:("hostname '124.127.52.76' doesn't match either of '*.chinadaily.com.cn', 'chinadaily.com.cn'",)
2020-07-19 20:42:19,971 ERROR     URLError while downloading image https://www.tisailing.org/wp-content/uploads/2017/02/intermediate-teen.jpg
reason:[SSL: CERTIFICATE_VERIFY_FAILED] certificate verify failed (_ssl.c:852)
2020-07-19 20:42:20,105 ERROR     URLError while downloading image https://www.tisailing.org/wp-content/uploads/2017/12/P8090055.jpg
reason:[SSL: CERTIFICATE_VERIFY_FAILED] certificate verify failed (_ssl.c:852)
2020-07-19 20:42:20,229 ERROR     URLError while downloading image https://www.tisailing.org/wp-content/uploads/2017/02/jr-leadership-1.jpg
reason:[SSL: CERTIFICATE_VERIFY_FAILED] certificate verify failed (_ssl.c:852)
2020-07-19 20:43:00,923 ERROR     URLError while downloading image https://lh3.googleusercontent.com/proxy/ErVyUEt_5rQzZG_xsoZoKgCHp5o_fYhs_0lO_oPgdf8Mm0cx3zO-gODC1k3f0MRVlD2rs-AWjO9uHfObKJskkGs3TCT7AFSixw
reason:Forbidden
2020-07-19 20:43:11,565 ERROR     URLError while downloading image https://lh3.googleusercontent.com/proxy/vy0VurmnkCqMLAiM-_ctXHYTcJSCuXIv0NXf5aaC7h91iDxPcWJv0YLAG5wXSbAWv81Y8VXNe3vQJ-fSV44h_azExQ6ccQhKASDehKoMoFz-jXQUhY1GNFBro4ZzFc-Utz5G
reason:Forbidden
2020-07-19 20:43:19,885 ERROR     URLError while downloading image https://lh3.googleusercontent.com/proxy/5mtp9NWgynsmROlxWY_vgglVbQYU3T_0ZEpnzhib-F4o88gsutanI3faM7Wx-lxAIumYmohjbiUaldpiMlDn04f24k_T3K18TOQi-tcCRKJ0kczhhz7DKA
reason:Forbidden
2020-07-19 20:43:20,269 ERROR     URLError while downloading image https://lh3.googleusercontent.com/proxy/tHl4DpxSZI2tjbATzs2zAYayubrkyZevH_k76ky22-epBdCQCnCaWl0Pqf_8XZB245rfv1FaT8SF4DV13T7poRvTyt6FdLkrvYSA0Rl8NBmE94_4Cn_jLA
reason:Forbidden
2020-07-19 20:43:20,715 ERROR     URLError while downloading image https://lh3.googleusercontent.com/proxy/Sv-1v72E2FcjmvSKWUExI77UdAmn58EFZSL0C10hN9BnjFwB-J95iYz2BDmAC322hCqhsrZcMI4KtSz9mOq2c7AW0DWNrLE_63lqNL3EVqh39jIo_O-O
reason:Forbidden
2020-07-19 20:43:21,205 ERROR     URLError while downloading image https://lh3.googleusercontent.com/proxy/BkRX0FErq3pkW3ohEO7hLBtAtzYXavDBuGXNKAkK-dGXXz4S8CF2XNd-mPTKLkyo3ywSfG5w5Ys9pJhbBnRBKkJAddOLpOE_Gz1evEIN5ZRNkIOg
reason:Forbidden
2020-07-19 20:45:52,179 ERROR     URLError while downloading image https://lh3.googleusercontent.com/proxy/XGniKUE4jIbO9n21F1j1BMIeUiTkazSE3wTtjDI98EVyAy45BIwjfXizI4bV8oXTv5OKxLAB77rsu10VUG8jDUgeQrCaBjJjA1ou64f8-bvpBxfxp6-bRzuMjo8nYw
reason:Forbidden
2020-07-19 20:45:59,546 ERROR     URLError while downloading image https://sfbeerweek.org/images/assets/11372/sfbw-2020.jpg
reason:[SSL: CERTIFICATE_VERIFY_FAILED] certificate verify failed (_ssl.c:852)
2020-07-19 20:46:00,767 ERROR     URLError while downloading image https://sfbeerweek.org/images/site/2020/header-2020.jpg
reason:[SSL: CERTIFICATE_VERIFY_FAILED] certificate verify failed (_ssl.c:852)
2020-07-19 20:53:05,184 ERROR     URLError while downloading image https://lh3.googleusercontent.com/proxy/XOKko1wONtSaJVlYazZ9IEcSGAjgNug13cGHu9rRu4X6ZGsTqF7Z7chxaZ-8xcYO3RduyiZ-Med_2Yqka0bUyL0G6oZ_8hZ9yjK1xhDL7zd3owRBAftYVF78xejWvI6_CYan-rt4aLnJO1UAKEz6Wjc
reason:Forbidden
2020-07-19 20:53:06,277 ERROR     URLError while downloading image https://lh3.googleusercontent.com/proxy/71Rsf8_0YWnEK5E1KvpbqYmZM9tAtkLodysfhm0Z_tirKqHJKOp-ZibT6jupLElTVxVeGU_OKKwMh7hQIKnSOLxNdgv5V8J1sCOP_U1_JNIbTngwR3H39kYl28A3EYKiPpRf1Yzs-KumRWHHpsymteNq7Chg
reason:Forbidden
2020-07-19 20:53:23,204 ERROR     URLError while downloading image https://sfbeerweek.org/upload/45b219be62a0166b_ph/harmonic.jpg
reason:[SSL: CERTIFICATE_VERIFY_FAILED] certificate verify failed (_ssl.c:852)
2020-07-19 21:05:52,631 ERROR     Unexpeted error while downloading image https://www.sanluisobispo.com/latest-news/ltm6ts/picture239620788/alternates/FREE_768/Daou%20bank010
error type:<class 'ConnectionResetError'>, args:(104, 'Connection reset by peer')
2020-07-19 21:06:13,520 ERROR     URLError while downloading image https://lh3.googleusercontent.com/proxy/rAa3hu1P1BUSsHcJavDUl6eX0XmfREgAv0T6_lT5rgNnoe38hsBiJu0oRF9lDJ1kleMIiyCG0lrf8UNrTTGbANqh5ofm0wJt6S4oCReaGP0u5e2tBEhPGUiRXGJCxDF2vdM
reason:Forbidden
2020-07-19 21:10:51,529 ERROR     URLError while downloading image https://lh3.googleusercontent.com/proxy/9r0URIVl5bHbuB_2OXAmERb3inHGKYGlIqV5WglLEvmvanNZRt-iBKUxZncwi0rVuQMUgOZiw3t1OQGnwK377w4Q3-SeU8vEid5habFc0GbVF9s8J8CuFNQHtchcNarJkEex5g
reason:Forbidden
2020-07-19 21:11:00,432 ERROR     URLError while downloading image https://lh3.googleusercontent.com/proxy/dOsesGP-gitcJzXCAI7eAx1zRlmSs12BGvpIMmfC8dXlYpOAHST7YB95ux_OVU1qo-MdVOPYaIi7zC1PuKWLkYx1-xnietnvmP-SNqgpMmO3e4CSE3C-sZ1ApA
reason:Forbidden
2020-07-19 21:14:32,108 ERROR     URLError while downloading image https://lh3.googleusercontent.com/proxy/S5FwLRwl457F9jGNS7_4Vh1K3cDRY9hWn_8HzSBvVVeC_mI9xUAjyRAJuYyK5tggAZe_IdzaWkFA6pydfSRIsi_UH4WznhDjdUHVu_EWkInF5zEA5aGv0MSS
reason:Forbidden
2020-07-19 21:14:42,075 ERROR     URLError while downloading image https://images.squarespace-cdn.com/content/v1/55c14571e4b075a7acf14597/1568688501327-NQ4C1TCFMZKRSN4LX16J/ke17ZwdGBToddI8pDm48kK60W-ob1oA2Fm-j4E_9NQB7gQa3H78H3Y0txjaiv_0fDoOvxcdMmMKkDsyUqMSsMWxHk725yiiHCCLfrh8O1z4YTzHvnKhyp6Da-NYroOW3ZGjoBKy3azqku80C789l0kD6Ec8Uq9YczfrzwR7e2Mh5VMMOxnTbph8FXiclivDQnof69TlCeE0rAhj6HUpXkw/IMG_9988.jpeg?format=500w
reason:Not Found
2020-07-19 21:14:56,282 ERROR     URLError while downloading image https://lh3.googleusercontent.com/proxy/64-43J6rjymITjBP6EJ61_x1SZTaXAn7N-f-9sKpCRHoVhRRjl_djhcxwZ5pS2asZqwkrnNBMHVXdoy4zHIDgBjhCwD43enuUYs-WOVXnxu_8KMo6Kj1RjEwyCgV5vHMSGXAt-gURnE
reason:Forbidden
2020-07-19 21:14:57,997 ERROR     URLError while downloading image https://lh3.googleusercontent.com/proxy/VaElJgLrTNgE7_hQ5Z9qVqMlgHpEomQhofChJ-_eoWCs5FYcw5O57aVTFY7Uj9edcNrG5lMUkwHajzgTdh-UZR38ky59OA87BpvkxFVyf8UahrpHUu-buH4BjLc1VeuzC-szlw
reason:Forbidden
2020-07-19 21:15:06,683 ERROR     URLError while downloading image https://lh3.googleusercontent.com/proxy/zvIGXMQJ3UbScqM_haGTeCfQEQkSqlhviJmODWMxizm6AFE0u1Vk65u3l7U6mt7xeSi7PFa9R0bLlz51JTa80fnVLzdRT5GIlLcs0bW1GAuaaPB6wYh7XdZfI4F4chM
reason:Forbidden
2020-07-19 21:17:37,260 ERROR     URLError while downloading image https://lh3.googleusercontent.com/proxy/OUiG09RhyxcpKtY0iybIrGQYqzDCrXjJcTp59tBZPx_kzc6joUxj-6v5OkXQRirtAIbfY_frD4eYTh6SChYJZH9XaCq3w0Po_RmahW7bk_CKL1DByfvZwI0PY83N_2BPNQ70mQ
reason:Forbidden
2020-07-19 22:21:04,369 ERROR     Unexpeted error while downloading image https://travel.usnews.com/dims4/USNEWS/b248893/2147483647/resize/1280x350%5E%3E/crop/1280x350/quality/85/?url=https://travel.usnews.com/static-travel/images/destinations/20/hero_San_Francisco_20_1280x350.jpg
error type:<class 'ConnectionResetError'>, args:(104, 'Connection reset by peer')
2020-07-19 22:23:26,984 ERROR     URLError while downloading image https://lh3.googleusercontent.com/proxy/Jdsf5JvcaXTDVN0ZXNWUxcAv04qTAgPsfYSEO66GjQ5_J5GaA1c0rqsN5MrmpYjA5KZ0dtaeincaCDtgUcNtv2UqD9ixdOSf7up-uEKIungT
reason:Forbidden
2020-07-19 22:26:21,772 ERROR     URLError while downloading image https://lh3.googleusercontent.com/proxy/vef9B4YyXnk2pR8RemIANhJuDa_nI4ZWaP4eqgN3wFeq9keFbum1NcLAK72ookKiqHJTRfJ4qhbS131oFttzRL2xDLB5hCgd2HLr7Bi49wduWmqJmEQ9rlhsBhISYjvMFwhKErjt8WszdiJg
reason:Forbidden
2020-07-19 22:26:22,463 ERROR     URLError while downloading image https://lh3.googleusercontent.com/proxy/x3CCrVnG_h8W3Iax0upD2edzQCWXbuCZkfIPzn8NIJX_rRAvLgRikncsZ7JdyJMJ0Yx86ZiujTBU3th89QIMK-lEMNGdFyti_06sSvwYn9yUP4ltc5ztyef77dLxvGd6
reason:Forbidden
2020-07-19 22:26:23,100 ERROR     URLError while downloading image https://lh3.googleusercontent.com/proxy/Pxdq9xodGH8-Hx_AvsJC5Vh1tdTtzPGW264nKoRDlgBixNIPhUiIXc6x2pbCwEJD2v75YBylPMqDYn20U6Z_O0Kzt2BkpojUgTRk8C6BCkF7BQAcAinJ4wj9Lth4PLt3UE_60QxQVh8b3UAVrg
reason:Forbidden
2020-07-19 22:27:12,372 ERROR     URLError while downloading image https://lh3.googleusercontent.com/proxy/8a4ZppXgge1i-Qfh4pERusNrkQLs4rX_0CCthPLr4FycknYXSM2ETC3GcIR-gJw-IzBAxsA-9GxWNQNEwU-fhpuWKRTjjK5tDp02s9igs5ym4yZtcKCRpJXj
reason:Forbidden
2020-07-19 22:27:21,408 ERROR     URLError while downloading image https://lh3.googleusercontent.com/proxy/4LjPYfMVDtqIb3VmAHyvycJ85CU3GIdgDCoWo9DPLG7h96zzq3NIFo71oK7dGXgqx6n9rsvcxhHh57XWC2wI3Xm0PmCEsbBQ1retz781qDJKuSMZTQM-LWab3g
reason:Forbidden
