2020-07-19 19:50:07,764 ERROR     URLError while downloading image https://lh3.googleusercontent.com/proxy/cDMFmoYMUfCckHqCBVS5lAHgTgBKebZ_Db3wA9ATW0ZPbaFH9F_09BCpos0aYi03K9hwprj5LnOhRhScPu1BBim_DAy5TinCTmGRod4SPSAt4Os1JmhnEauSVg
reason:Forbidden
2020-07-19 19:50:38,361 ERROR     URLError while downloading image https://www.artandarchitecture-sf.com/wp-content/uploads/2011/11/Embarcadero-Working-107.jpg
reason:Service Unavailable
2020-07-19 19:51:04,607 ERROR     URLError while downloading image https://lh3.googleusercontent.com/proxy/oZBgYEaIqxbyJjyaNd492QhmfdQ77ve0BRhxsJjj2ta_Dpk-zMtUSESPE-5IYDTslsQ0j42xWhgazxO8E3zTIhWB87NqW5DbUasNmDTh_PysoBwwmBQqYBE4obrkEfoD4d_e2dIn
reason:Forbidden
2020-07-19 19:52:17,821 ERROR     URLError while downloading image https://lh3.googleusercontent.com/proxy/PoCzut_aqsnvV7k-7Gcq2uKo3wYR5xWA4l-LomBjpdCKMNhV1C5Z983XFE3c4ImR4188qgUcwAmE-Zkn62Oiih5nGgjFx1NA_ELfFkuusBPRXRxDJilfFZISIQ
reason:Forbidden
2020-07-19 19:53:10,798 ERROR     URLError while downloading image https://lh3.googleusercontent.com/proxy/BGnnOrY6EBH4YKcSSQ8FBqppRjnMGVFMX3ad5mV0mMRSi8pFh86mMn-Ly24kIu-oB33Ozbtd57OvtUSmGPByZgHWgpBQJ2T9zkcYGOMzaSBbwc-I9Cad6eYDnMK4fQWefLBkx0t3lLGxSr1dZTWATyLvRxOxNQll4_jbFy52dqK4HuZtkhhp8aENploL1TGFwUMT9lYr_NO8y-DTFZmcj5XCtQ
reason:Forbidden
2020-07-19 19:54:02,721 ERROR     URLError while downloading image https://lh3.googleusercontent.com/proxy/xtpx46w_73PI2IrKYxuMy5ODkd3_ZvOTr9AdXcmlJ999nB-PZLtE7YUyyprUCke0msoBHAy9NQAeAXII1zNNC9F2VPMC-xYUomiS-CrjNuc-AOr_04E6vNt8SG8jZggU3AULxqw5IYQDkfrG7Dc
reason:Forbidden
2020-07-19 19:54:03,914 ERROR     URLError while downloading image https://lh3.googleusercontent.com/proxy/y1U9wFnrxRjX4sBk1C0S6a_q0IqfcGaN7gg8kJMWtf4fwpch99ayWkZPguYz7BB3U6DA5ReCfgPu8oRpZGMu4jjh-TOdNI86LuRRdG12wUSPIiAM9Fla6_tU051x3_xBxDCjDp5dwnkQ5yOGgIO4INcJfxyGl22bGg
reason:Forbidden
2020-07-19 19:54:05,151 ERROR     URLError while downloading image https://lh3.googleusercontent.com/proxy/PK4KnUAh2S3yXNBQnpfBOLhWmEVA67C9VyM8ENrlOFjbz3ZMwhK-dTe4DKxORU9AO5clA_CLX8G_xQ2GIhM8uhNKc_yQuTOJ7p58mtawJCntWRKUHj2dso1WvIkpXvLMrQ6zvcs83g
reason:Forbidden
2020-07-19 19:54:05,437 ERROR     URLError while downloading image https://lh3.googleusercontent.com/proxy/Q3pgafW3Cg_-yQCZwsamS08Zoul0WookVilaI7GLvK5nR_NvXRcnlQrBQlqRHcdAGPkddWZtaZjszXt4xMhIbZ_NKY0FAxgkjg-uHjDom_mvOPAle80ivdM-
reason:Forbidden
2020-07-19 19:54:19,425 ERROR     URLError while downloading image https://lh3.googleusercontent.com/proxy/EEx_MfDQ2qcEQ-666IuFIwrpfSwQcF3V4v345PGyINCSmqjEUuZrkDWcVXUgm5nryyICZOrOP6T-V5nc_C2lcrFBx5uWVZFY2-4RhkjP366k
reason:Forbidden
2020-07-19 19:55:17,299 ERROR     URLError while downloading image https://lh3.googleusercontent.com/proxy/pZa4DI3LNUEbQV80EE8JFPc6H1iE8YVwlOtoFqeqySJN2HLjMgl4O4B4bryV7hUEUNobk-t_BeJbEKyTGW6tyKuSmLC1
reason:Forbidden
2020-07-19 19:56:08,560 ERROR     URLError while downloading image https://www.artandarchitecture-sf.com/wp-content/plugins/wp-mobile-detector/timthumb.php?src=%2Fwp-content%2Fuploads%2F2013%2F06%2FDSC_1543.jpg&w=320
reason:Service Unavailable
2020-07-19 19:57:01,970 ERROR     URLError while downloading image https://lh3.googleusercontent.com/proxy/2fjJiVDF3gKo8F7v1XBjGZfNvRS31DSjbnld5o6t4wyZsMOJD_1j6ZuTNq7_HQuYxfvdFcNoYz2_rlAwMlOt9Cx8xWFG3u88XdtzlPAOds4-jgmg6_fgQkycK0I64fid12nlIghe_W_R7SMQYw
reason:Forbidden
2020-07-19 19:58:11,566 ERROR     URLError while downloading image https://www.artandarchitecture-sf.com/wp-content/plugins/wp-mobile-detector/timthumb.php?src=%2Fwp-content%2Fuploads%2F2012%2F08%2FDSC_5456.jpg&w=320
reason:Service Unavailable
2020-07-19 19:58:26,661 ERROR     URLError while downloading image https://www.artandarchitecture-sf.com/wp-content/uploads/2012/08/DSC_5456.jpg
reason:Service Unavailable
2020-07-19 19:58:43,283 ERROR     URLError while downloading image https://www.artandarchitecture-sf.com/wp-content/uploads/2012/08/DSC_5458.jpg
reason:Service Unavailable
2020-07-19 19:58:59,880 ERROR     URLError while downloading image https://www.artandarchitecture-sf.com/wp-content/uploads/2012/08/DSC_5459.jpg
reason:Service Unavailable
2020-07-19 20:00:32,788 ERROR     URLError while downloading image https://lh3.googleusercontent.com/proxy/HtyW-FnKrFHdD1zfeQeqw29czdgl1Jz5-AvxJ8cdPzFfflO8Xh0NCadychoogiIMGHafwpNnCQjsU3k3QY8oM7mFdDejvjJN5VYuCqh7RMcACRKPn8ZRJuyRdXNYpGFpKb8Y7-kBZtU1aBqJYt54uGoLKDJUFk-z4w
reason:Forbidden
2020-07-19 20:01:48,491 ERROR     URLError while downloading image https://lh3.googleusercontent.com/proxy/xIVU514YJmlbt_rpyVnUeWTPKhXPysoNZfpicdf2rcZi5NSDeqXgEpLuZjOCk6zToFZi2_MpTmEPsmRcPkKjQkfiTvTAOw09TSmHAZJMyJo2j8AQr3Zp9M22XHP7M4oHZMSAKw
reason:Forbidden
2020-07-19 20:05:28,461 ERROR     URLError while downloading image https://www.artandarchitecture-sf.com/wp-content/uploads/2012/01/DSC_3313.jpg
reason:Service Unavailable
2020-07-19 20:12:23,716 ERROR     URLError while downloading image https://daybyme.com/uploads/items/1525287983RrRjThSqvz.jpg
reason:[Errno 104] Connection reset by peer
2020-07-19 20:13:28,131 ERROR     URLError while downloading image https://lh3.googleusercontent.com/proxy/DqQOhbe-4xy6TDKfmhLXk2D5-iJODDr8lW2OyzXjdUSD8kGcg2AsddRkRhjP60cmGCVIqFXmifhQyP7o8Wef2WnB-1nNJaTfwgs0yibCrC5hqxn64crcm4-Z8kVv3vZJPwRdQbys9Mw
reason:Forbidden
2020-07-19 20:16:26,442 ERROR     URLError while downloading image https://lh3.googleusercontent.com/proxy/cYJ0mSMVB-w64Gk6hblBbEcSniLHQGAK61Yyx-KFCntJ2Mk3iL8kSlHPLAifqPtEag3vGOOSxD35qbv50YeqVQGn-Orc5Eoy6vtsqixsmwF_t_BRrw0IRv_ttq_eGSvBOg5r_jyfj8Y
reason:Forbidden
2020-07-19 20:18:31,304 ERROR     URLError while downloading image https://static.fishingbooker.com/public/images/charters/5738/public/48a78ff42b0ea791eeebaf0b3078e8d4.jpg
reason:Forbidden
2020-07-19 20:18:59,439 ERROR     URLError while downloading image https://lh3.googleusercontent.com/proxy/_nO4-87sdsDwrQSy7fAzcMrMMpFO9Q3Tlb3KZ7socaPSaHL8SEp8jYlbVNciB2lq7DJF_V-SRmdO5MjUOhvfFmzMxTYN_FMR3K_EzN9NPdLhZera3xmFOJaOkZnvE25jTbR8Lp1x81aUDkA
reason:Forbidden
2020-07-19 20:19:34,598 ERROR     URLError while downloading image https://www.artandarchitecture-sf.com/wp-content/plugins/wp-mobile-detector/timthumb.php?src=%2Fwp-content%2Fuploads%2F2012%2F12%2FDSC_7158.jpg&w=320
reason:Service Unavailable
2020-07-19 20:20:07,384 ERROR     URLError while downloading image https://lh3.googleusercontent.com/proxy/AXeRxK8iLZmEpWb4v-heqHF-iTGkTvdqJtMxsK37on8H6GTIxPg8wdxnYKMwZT-ydM2K4wBV8nSMEKFdouHY34Yh2ynqBvIou6ivRXfXfWa7O0GnyHUTqCRe7lTwB1kK
reason:Forbidden
2020-07-19 20:20:07,526 ERROR     URLError while downloading image https://lh3.googleusercontent.com/proxy/HjHSlB6aSoYZ5xZUbmSuciJGEA9ISK42R_PdubJUyjGQC3XMQtN7kdB9jwNflCxoAeBTy3CeSNMAhWWtDrBWxQGsYimQNQoy7DhYTK1y1THJ2W4qFYZgEuEVnMsQFXqspE2wCg
reason:Forbidden
2020-07-19 20:20:07,663 ERROR     URLError while downloading image https://lh3.googleusercontent.com/proxy/X_m2_2w-mO_3h4zh5fLW1nFdoo4YUniJHd7e7CN9SeHEvLx3N9jO30uySRAg53Lu7So_rehQS1XRmNSOJrZbdZvFh64cGTltg854nIRT98ATabchRTm5wjXeaYY6albcd83r2fH_bMA
reason:Forbidden
2020-07-19 20:20:08,235 ERROR     URLError while downloading image https://lh3.googleusercontent.com/proxy/H_bsle2bqbjFEXMJ7hEeSDkfuaJctLGoB470kNUjgX8uzmSRnKR4h7Pmt-aZviJHs4bDml5IGsppYxBmWGiA73HpW7euDoIdERPeM0YJ6zezGkRm8rxkGdnN1DI26F3E7ixN
reason:Forbidden
2020-07-19 20:20:08,929 ERROR     URLError while downloading image https://lh3.googleusercontent.com/proxy/algNKFllg09CtZmBAAf34iOg8ZNnp3J36bFRD-QACml3re2XU8-ilgMueLGYt07AUBiEiGhPviq7EWqL2k0tlvKtUoFbcgz-pEGtGsV35QRmmcEI-x_YnpODflq7IVOqyw
reason:Forbidden
2020-07-19 20:22:18,370 ERROR     URLError while downloading image https://www.artandarchitecture-sf.com/wp-content/uploads/2012/02/DSC_3670.jpg
reason:Service Unavailable
2020-07-19 20:22:33,623 ERROR     URLError while downloading image https://www.artandarchitecture-sf.com/wp-content/uploads/2012/02/DSC_36671.jpg
reason:Service Unavailable
2020-07-19 20:22:49,473 ERROR     URLError while downloading image https://www.artandarchitecture-sf.com/wp-content/uploads/2012/02/DSC_3672.jpg
reason:Service Unavailable
2020-07-19 20:23:04,873 ERROR     URLError while downloading image https://www.artandarchitecture-sf.com/wp-content/uploads/2012/02/DSC_3674.jpg
reason:Service Unavailable
2020-07-19 20:25:28,634 ERROR     URLError while downloading image https://www.artandarchitecture-sf.com/wp-content/uploads/2012/02/DSC_3697.jpg
reason:Service Unavailable
2020-07-19 20:25:30,408 ERROR     URLError while downloading image https://www.artandarchitecture-sf.com/wp-content/uploads/2012/02/DSC_3694.jpg
reason:Service Unavailable
2020-07-19 20:25:31,527 ERROR     URLError while downloading image https://www.artandarchitecture-sf.com/wp-content/uploads/2012/02/DSC_3698.jpg
reason:Service Unavailable
2020-07-19 20:26:12,290 ERROR     URLError while downloading image https://lh3.googleusercontent.com/proxy/AvRDR3jwf50KlfKVEbqgNyyVJJBVW-Vd1D7YXucWYWNKaUsT6295rVA1jxL1npje-efAs9KrzToMRid9UEIJWtcYuiKqlO7wGASEpKtPh-rA6dM8TSY_vpPFwy5aLp66k5_lgRAPC8vZMN3a
reason:Forbidden
2020-07-19 20:26:26,419 ERROR     URLError while downloading image https://lh3.googleusercontent.com/proxy/0Fgmf7nyWmnPoXz1AbxgJLJVHCcoaeRZ_qhrWu_-Top4P2UlRhhyzkfeUZizs-_OgMjc3u4MYaorzxwUXro2GHr9XVfHcoKx5a2z1cVqj9RGJYCRPisf4baUmMXj-a-7qxTbhZKrgpsMDP1IoLxYNXTieeqeHw
reason:Forbidden
2020-07-19 20:27:06,940 ERROR     URLError while downloading image https://www.artandarchitecture-sf.com/wp-content/uploads/2012/06/DSC_4769.jpg
reason:Service Unavailable
2020-07-19 20:28:15,399 ERROR     URLError while downloading image https://lh3.googleusercontent.com/proxy/W0jZCG4wGIraN9JsxHYKXjDqcVBUPQr8hBCvW8yLQbExzae895yCvVcWvUVKK8t7tO7Nv_wgT3AmkNQCK2xHJeu6q8AEXR7wETVtKEZS2O9gEDf-opNDQ0D5PKDTT_ynDeeIsgZIWbVenEsogO0
reason:Forbidden
2020-07-19 20:29:46,899 ERROR     URLError while downloading image https://lh3.googleusercontent.com/proxy/Gkk93b-toCFlO7O89ry86EtKqBl9k9DwvIHuPuDgQtuUDY5T_FyQindpcB96k4fb9J6BLavd8PE-97s-QjJnt_YIXlUUI91I_U1ybeHDRLAeQT-E3Qwlg96bKdNJnGRe6sRmIKBx_3QJWv8ldg
reason:Forbidden
2020-07-19 20:29:47,901 ERROR     URLError while downloading image https://lh3.googleusercontent.com/proxy/O2Dhn-RGnniGiT-nWvzo-b9B-KR3iXtnkK6dikrBKaTQLKjsFnb7aJNZbe3opyinVzFQ4thEeUTGeRza_NjpOggKPhuzZq0-R4L1tmiNzM6LAuPM6LUMpT4y0dYcwpfAxASdGbXDVlJob7Lh4g
reason:Forbidden
2020-07-19 20:31:08,209 ERROR     URLError while downloading image https://lh3.googleusercontent.com/proxy/mbcQyrqbkPIDI-UovxSpg99O3QYrFfT5WfPJ5wsyX3qYpQzn89hijbzrVQIrmSKo4-b9v_ziYWhLx96Pyion83ggRhOKaDEE9s95JkypFGFapOxfS1paETbOxwqBogN-rp5m2wViiUWJeRvndPS9
reason:Forbidden
2020-07-19 20:32:07,464 ERROR     URLError while downloading image https://lh3.googleusercontent.com/proxy/BVN8-vh5UagFRqgESejYpgmK3GmVs34BDX5fwLuSJJIhjoDWu2Z8U8bDEFOMRe8R1By63v3OANu5ehmrjkoRE8Z-s6WFH-VRQHoR-kUItXokx6dun_X7Fsjv1Zo
reason:Forbidden
2020-07-19 20:32:25,158 ERROR     URLError while downloading image https://lh3.googleusercontent.com/proxy/jG8l66opbDYnIB3ZyPFh3_qhr31CHe4QfuIPK99rop0jeomkxZwIfifRhkZs23cu6ilP8BJ7nvhpYw_XA2ShSO0w-EcjWa_hrRKwEIuX40JbAuXCJVzMK7k
reason:Forbidden
2020-07-19 20:33:18,213 ERROR     URLError while downloading image https://lh3.googleusercontent.com/proxy/5Odo-RyrK9KWlELIDfdWWkK3Tn15pu1Ia_DAy89JL1JD2RE_LXpTUo7w4IVqnLNosMz7aFZJNaZQByqQ4w9PG9qG4glgRN0hWurOpWUq
reason:Forbidden
2020-07-19 20:35:33,331 ERROR     URLError while downloading image https://lh3.googleusercontent.com/proxy/og2PzRPkEshmx7JjZMShl1911x7ume3_UP58-Od2R4B1E0s9l7Op5G9Qhvb_E4Ed4FKhVeuNYbWOWuV9tKi2xtF-x9nwfDiIZI4zZOwRXoBs05Z66ORKeyk
reason:Forbidden
2020-07-19 20:36:09,460 ERROR     URLError while downloading image https://lh3.googleusercontent.com/proxy/WQoDLN4PN8rUyklpVcXkmhLDqxN6tK20I_SrAETMObr69dy3s-IBKwlGURIell0gsdXKWhhb5T4oR_JibDxMS_jvn2jkD-EKYZNk9KUmopIrWpSeBDAAdz4faqEzTpQG-aRTUK2Vh6tisSdW1pG-IDXOww
reason:Forbidden
2020-07-19 20:36:13,862 ERROR     URLError while downloading image https://lh3.googleusercontent.com/proxy/Wy8Jc91y81KVROJoskKc4ZXcEhrQk1PStP58XzwaK2XPb72KFy2BI2-kjFBkAY66GDg9O_SjBZ8
reason:Forbidden
2020-07-19 21:38:17,147 ERROR     Unexpeted error while downloading image https://travel.usnews.com/dims4/USNEWS/b3038b7/2147483647/resize/255x255%5E%3E/crop/255x255/quality/85/?url=https://travel.usnews.com/static-travel/images/destinations/192/boulder_creek_path-2016-getty.jpg
error type:<class 'ConnectionResetError'>, args:(104, 'Connection reset by peer')
2020-07-19 21:38:46,339 ERROR     URLError while downloading image https://thumbs.worthpoint.com/zoom/images3/1/0317/06/4x6-california-flag-emerson-flag-mfg_1_a184ef198a7535ef7473b966a21cd7bd.jpg
reason:Forbidden
2020-07-19 21:38:46,943 ERROR     URLError while downloading image https://thumbs.worthpoint.com/zoom/images1/1/1014/12/vintage-paramount-flag-co-sf-ajax-100_1_6d30cafc966b9bae0e4f38ab769fc558.jpg
reason:Forbidden
2020-07-19 21:38:47,231 ERROR     URLError while downloading image https://jeffbridgman.com/inventory/files/item_2974_941.jpg
reason:[SSL: CERTIFICATE_VERIFY_FAILED] certificate verify failed (_ssl.c:852)
2020-07-19 21:40:35,209 ERROR     URLError while downloading image https://lh3.googleusercontent.com/proxy/-LyPFjpOZy3yUrW3sQySrIbaE1N2LFeoaz_jKV5FlMFnLuViW7skLFXm2uUixk2nw4GdZgu0OBhRijwxNzwcfML7dfCOeYHEAInEg6kkT9pCk0vj-PtHiC0R3di9nw
reason:Forbidden
2020-07-19 22:42:27,913 ERROR     Unexpeted error while downloading image https://travel.usnews.com/dims4/USNEWS/a32355f/2147483647/resize/1280x350%5E%3E/crop/1280x350/quality/85/?url=https://travel.usnews.com/static-travel/images/destinations/18/hero_Los_Angeles_18_1280x350.jpg
error type:<class 'ConnectionResetError'>, args:(104, 'Connection reset by peer')
