2020-07-19 19:50:31,414 ERROR     URLError while downloading image https://lh3.googleusercontent.com/proxy/Atdha3f7Ax8mfX35srOF9NYdIwNbztMT-xAru8XQRMiqRaMTIMZnGtCthBkg_ubY9Q2DKcUN83jojb7gXB2wz9GD5UxSdrcU5H3LiYBYqDbaQQL7TQmBY6K_JPLy4SmCmdNb
reason:Forbidden
2020-07-19 19:54:52,217 ERROR     URLError while downloading image https://lh3.googleusercontent.com/proxy/Bx5U9cLIO4IShbkhS3ZQtsg9NgBePeVM78-ymh4B_QmmxwfLG12oxIQDOlfnoalQIP9TMlYjOQQJNi5kGd2oYbt8V7GGNFWV6TV0Da01cg
reason:Forbidden
2020-07-19 19:54:52,586 ERROR     URLError while downloading image https://lh3.googleusercontent.com/proxy/LkT31sQBJXkhbXZademfeGJW9878UjiEiGGF_ONb6BiFUZZJywTpWBxVMJ7hwcrIMfpWFO-cL4AwA_eeGF2je9t7laXRmw
reason:Forbidden
2020-07-19 19:54:53,013 ERROR     URLError while downloading image https://lh3.googleusercontent.com/proxy/FP0vOzq6_4mxQgZl5drZ2c0zAXDR1ACfTGcOc2PmGeaLWZlBOEA6LBL08kKVRRbtKK9jCy2EMBCnubCronIrLvm5V7Mu
reason:Forbidden
2020-07-19 19:54:53,190 ERROR     URLError while downloading image https://lh3.googleusercontent.com/proxy/d6CTYwOhMQmYs-74-Tai3tP-LgzCjs3AU7RX0246VfjaM-iqKcZPswoEuEYfWzxnMSwa2nhOwsBdsBxgN22vDFo0hrBdxegUQQ
reason:Forbidden
2020-07-19 19:54:54,134 ERROR     URLError while downloading image https://lh3.googleusercontent.com/proxy/iGceNaTXMeTOOaWCjYUYOAZzUU5_YYvng4tR6M4fPviEnsJgCzeQeYVAYIsjTPJ_LqyZSD8jDiGaTXbI5xmDnCEeGfLuMZsvKMZc7Q
reason:Forbidden
2020-07-19 19:54:55,329 ERROR     URLError while downloading image https://lh3.googleusercontent.com/proxy/C8efix2TUxhaGyNzzdAX8GztZ6Tug75-kFNvnj3QMeSnBHwG96jb1scDjZxMu2lDphxj4d-Wga1pmmPjmo3uv68vddlS4HIhazIi
reason:Forbidden
2020-07-19 19:55:56,728 ERROR     URLError while downloading image https://lh3.googleusercontent.com/proxy/y6rWJuk3AnDx4w5xoA-QNPYIbziuvnSLRJnZSjs32OYfJWAkEn0jDbgQb7OXvXaEQuZzkse_GXcD3saE2HVhsobbnUZ0jGyzntfUEdqDwDuj1KS-09Q
reason:Forbidden
2020-07-19 19:57:24,091 ERROR     URLError while downloading image https://lh3.googleusercontent.com/proxy/YO7lSUolJpuQRjYJo0MGK-fPZTcP2BFNZ7lwWjaqPpLyPnrWckvr8xOrnJj-QIdLRphENN7hlM_1p1XJmNuUoKsjURXMc1uc4dLmuDM3A6C9AUTXXOvNDEon
reason:Forbidden
2020-07-19 19:57:25,025 ERROR     URLError while downloading image https://lh3.googleusercontent.com/proxy/smi42e-FnGw7FyKbnuxwE7NHUkqCNRmcZkZG8yWZSaHp2YHzmaNuF0rub21tMY7A_VebloLz2l31hDjg07hCoTW0vGXYYky3vruV3sJmHlp2dTxeqM2i3KovblZfo4uqeJ9NU6m43EdL3uxZk6Jz9TGeXfGNjkmCBOf0Q-XP-Q
reason:Forbidden
2020-07-19 19:57:25,386 ERROR     URLError while downloading image https://lh3.googleusercontent.com/proxy/AMQpqChUwEiwib5OsmdtFqq1roBTTZmvtHwaNwShwphoOv5xLmT8XQxy4ey3qMK_Pm3tDoc8yQoZIR8L-Sj2LyZjn-Z7U9OvUKCa2G02QQstukjNbaozayzCOf9hrdqQfjjpZ64v_6F_oE5z086V4WP8-OgZ0mOgP01NZs4d
reason:Forbidden
2020-07-19 19:57:30,927 ERROR     URLError while downloading image https://lh3.googleusercontent.com/proxy/TWTwwXjKHxqZ4gj0rPYH5vMePJCEOu3yoqUHvXxU3t3wtIn3vFv3nPCwOBpg9Q-UMLqqH1YVD1r90NdlGKhkvrYFteETW1VkLYhyaD69Hzz-p6Z-ZngebT_y5WhvejKmLyZrj2UgpDa3lJ9cfteA8nwbTVl5r5o0SZJt96HLPVLShwxKUAc
reason:Forbidden
2020-07-19 19:57:31,785 ERROR     URLError while downloading image https://lh3.googleusercontent.com/proxy/zS581Iy-n-jeNpA_yOsk7MkJK7d3rsqABVZh2Yvd2zewMIb6P5F9NkgXM2jGY9KRuhNZEgu22Ewd28cT-XVf4Teb4hSYRE-ltB4zpUdemqy2PuX9bi56nnvNp8nzed51NXPfuJcawbdXYFCVCImKDMXBgblsxTEN9u0HxfIuWwz8ArmnWyY
reason:Forbidden
2020-07-19 20:00:16,877 ERROR     URLError while downloading image https://lh3.googleusercontent.com/proxy/7w-GqyeKeR1kXIH8VLZW_-N6HsELXJzUwdBkeyqs1CNmgsi694SGCckMKJ4rVX1Ru07hj0n8nC7_WYKgQyx1gT1gmJ_fCQvveeifM40JMd_d59T1BzYH_mE43LPQe9U5NoffyehanA4
reason:Forbidden
2020-07-19 20:01:06,751 ERROR     URLError while downloading image https://lh3.googleusercontent.com/proxy/Jg7-8qHvmIHI6ntDIZEm-wm3fmfc9dGkltbaqbJAriTFSYgbRuORgJOuKOdFv7PSlop4p678L_YqcJ5xx3nXXkir3XtRObjk2G15jHh_z-xqF2uTjE8
reason:Forbidden
2020-07-19 20:01:32,161 ERROR     URLError while downloading image https://www.artandarchitecture-sf.com/wp-content/plugins/wp-mobile-detector/timthumb.php?src=%2Fwp-content%2Fuploads%2F2015%2F01%2FDSC_5144.jpg&w=320
reason:Service Unavailable
2020-07-19 20:01:49,860 ERROR     URLError while downloading image https://www.artandarchitecture-sf.com/wp-content/uploads/2015/01/Screen-Shot-2015-01-07-at-8.47.22-PM.png
reason:Service Unavailable
2020-07-19 20:02:05,659 ERROR     URLError while downloading image https://www.artandarchitecture-sf.com/wp-content/plugins/wp-mobile-detector/timthumb.php?src=%2Fwp-content%2Fuploads%2F2015%2F01%2FDSC_5142.jpg&w=320
reason:Service Unavailable
2020-07-19 20:02:39,792 ERROR     URLError while downloading image https://lh3.googleusercontent.com/proxy/kZTbi1rEeKjuec5fROfjRuRDqCfgMQXLP3WUDMWCS3L3h65muAQgd2vy_LzPzamRx20u4Ry4Civ5ZSoQQFxTS9FAJrLsns21rjFBdN0Iq9NJCtPPPuZkbt3x4In134y18MIDH8ZfhcSNq30WZCbHm7qhcKg6E9JbRlevwGtXvY-Z4ZRAZMlJ65jfcKf7_qfzblk55rPoZL1r
reason:Forbidden
2020-07-19 20:04:00,811 ERROR     URLError while downloading image https://lh3.googleusercontent.com/proxy/i6ewWC91RXUw2fruqCaFK0UIZpZRRJlFhr59EkeiqnrFjsumsa9ZheNufAFdv_B95_WokhmLgFZAwu2N_cxUg2ZFppe75UttjkyJ2dDJLWIQPcaBMTKTLh657GaisBhTEXXD7B0I0watjTGc0zbXnNsy998
reason:Forbidden
2020-07-19 20:04:00,944 ERROR     URLError while downloading image https://lh3.googleusercontent.com/proxy/xuW2Clq_d5VaWzccRYR4c4y4HcWJFUNQuwmfJOhekpxRH8tIpQuzp8VVErwheshgcTJQUBHS_ymEpIctO9cTcCNeviju9xSEzjIpKm9xC47b5Ba8Sf-T3qKqKo6cNDqm-pOUkpiH
reason:Forbidden
2020-07-19 20:04:02,901 ERROR     URLError while downloading image https://lh3.googleusercontent.com/proxy/S_UfdScQqSBkORwoiCf-E-uDBARDaV7aRnDnAeUsHclrbgF_ruc-1EVCrCc4e3b_ApcEHUmlIVeo1hs0Jdwar9sqFdjURSG8oAw0BPL-ZO395Ewb37VbQ8_HH8aM-azr1xvTBrZtuXtiriNsppHEX5c0uZ4
reason:Forbidden
2020-07-19 20:05:15,669 ERROR     URLError while downloading image https://lh3.googleusercontent.com/proxy/yws5mdcuWZicETtRdnN77tkNYT-Kw4PwLFK2CMeJx8S6HF4MuDehl-vcWfL7h5GS0vSBH6iSq2f_7NYtDEZOwyMN36vkh3iwA-Z3iDil51s
reason:Forbidden
2020-07-19 20:07:02,577 ERROR     URLError while downloading image https://lh3.googleusercontent.com/proxy/mLl7dM4jBP1rSgOUE8yqlKb0foW4-KWrMIxPV-kOzOPJhlggcgJkLLZWawIiQB8ma8FwwgMS6lXom9P5fOFpEYQxx1IGFyBWs8TUUq4Yv9peRdpvG5OKobCGT8elmkyuLzyFMiSd_klisrwtKXU
reason:Forbidden
2020-07-19 20:07:49,240 ERROR     URLError while downloading image https://lh3.googleusercontent.com/proxy/YukxARJoK7YzdkyBazqK68B5neaS3UWnOWky47uq7DLJejC9CM4EOFaagW_FQ6BBGY1YCxgXTOhAAuuHR6ewpgEt6TW8JvbcViV2N9w5-mAFNOrB0-tX7qVcQvDZguui
reason:Forbidden
2020-07-19 20:08:25,938 ERROR     URLError while downloading image https://www.artandarchitecture-sf.com/wp-content/uploads/2012/03/DSC_3772.jpg
reason:Service Unavailable
2020-07-19 20:08:45,193 ERROR     URLError while downloading image https://www.artandarchitecture-sf.com/wp-content/uploads/2012/03/DSC_3773.jpg
reason:Service Unavailable
2020-07-19 20:09:57,078 ERROR     URLError while downloading image https://lh3.googleusercontent.com/proxy/Cov7JnSvBq5ARcJqKg-kJ7XW3qPPbi0o0hy0UUL6iQuSrs5DbGsZ299JPcyLpEd4uIvmLehaJqG44uJarR4amNiFELn32CI8VwPGfAYUTxFIFAX_uhcjEeRu7sObP29rPIzG1tY6-grkcQ
reason:Forbidden
2020-07-19 20:09:57,702 ERROR     URLError while downloading image https://lh3.googleusercontent.com/proxy/KM4rEX5aUJ6AD6zMm4N8tF-8HPLk2cvZNLDGxhCEchvlRRxK0_MqY6dZVNy7QhUa23MHiiwtgHgt_OFfSmG0DeMeURVMvUSCqywDt3mOwSJJoYgYyxKT2DM
reason:Forbidden
2020-07-19 20:10:56,868 ERROR     URLError while downloading image https://lh3.googleusercontent.com/proxy/eIp1NBQbpFy4EVTEiH4w27thUdy-D3IS8pMTAPX6ya6ym99acxiHwnZk1YjFJ5eetSXArM2JvszRkNl6IfUaGuvxtz9GZ652y3j-FvJenC4m
reason:Forbidden
2020-07-19 20:12:35,557 ERROR     URLError while downloading image https://lh3.googleusercontent.com/proxy/Gd9E_4gvY9K3BT7-eKk8g1zXEwMdYSZRZ0TiyfPkWVYW318TRajqKp9BG85rVNPZNvcXUqFfzHBotg1FmpECRNQ8u4xW4kmCklbrUcxV8rGQe1kI2-PR4fZ3GieUxg
reason:Forbidden
2020-07-19 20:12:35,688 ERROR     URLError while downloading image https://lh3.googleusercontent.com/proxy/sJX16SPeTot2W-LLoI3NHBAoV8WAxiBteB0r2sBGzCTyxOITjphfM_PMlR8En11iNGOP0pnuIzbOigVEM7zA9GXJwRX4KXSU81qYNfJhrqLyN1uzOeseaAua2ic
reason:Forbidden
2020-07-19 20:12:35,823 ERROR     URLError while downloading image https://lh3.googleusercontent.com/proxy/vr_cQx8dZAdjd4MK0v9x9eLea9AQHIPLX-a-e7KQGbYoNPULaWxCisNIexbDWPV-_BiDGpAOqAe8EnqiZWOrnxhKTobHiU8KX0InZGQrU0UX4KSrYRSvTBdAzOzCZw
reason:Forbidden
2020-07-19 20:12:35,963 ERROR     URLError while downloading image https://lh3.googleusercontent.com/proxy/LsPRJ217Qbjrogj2cN1tNlDET0LU00RKkucBpArK-ZCOg_qS0Y-tlLgDxIpFjGkyh-pLpsAhbyCo_glIgJeTE_BjA-DgBjC0kqF0ki-v2RrkCFDzeKeimKnKEbCWJg
reason:Forbidden
2020-07-19 20:12:36,699 ERROR     URLError while downloading image https://lh3.googleusercontent.com/proxy/9lqn1-DRRksoTFeR6xsTj2pt-PHihU3tbDTCn2WgZh30H-rGwRQdxjPu9ltbH76jRB7y8lGjVqWew3pjszppYcdN-F2qoo9A5_kq4ze1R-gZwh4lwn0sv_iWWPonRBPqK1wB11CVkiaH2JZ5hAty7KihRGCrltWr9P2WoTexQMgwOSu8tJdWd6wBQbwSsw
reason:Forbidden
2020-07-19 20:13:03,225 ERROR     URLError while downloading image https://lh3.googleusercontent.com/proxy/rbHxT_tvG0J_rL8afI8QB8eXkvpKhs8hYrVrz0ZMNf59thgqMcZRNewC7uGok3m7s5zv7Lz2Ht0HovyCLiSBam56dBUetzcC06SsSJOyRquRQPrB6gCMQ1TemEOJLz4tQK9yHq2-wv237v8
reason:Forbidden
2020-07-19 21:17:07,089 ERROR     Unexpeted error while downloading image https://www.makemytrip.com/travel-guide/media/dg_image/goa/20_Chapel-of-Our-Lady-of-the-Mount.jpg
error type:<class 'ConnectionResetError'>, args:(104, 'Connection reset by peer')
2020-07-19 21:18:31,807 ERROR     URLError while downloading image https://lh3.googleusercontent.com/proxy/IRSzYi-ylG0NGU7i_FTqjLI9cmN3MXb8IWH9KF5hh6BcIsERMm675JS8sp_rJgE_wcUZQjo9ptYxUOF3pAaGx6YsYDDoJYg76ZUJf24wwgwFRtOqVC2X_SBzT_EI_sdju7ouiq1SlA
reason:Forbidden
2020-07-19 21:19:45,978 ERROR     URLError while downloading image https://www.broadwaysf.com/content/Images/19-20%20Season/Hamilton%2019/BSF_Hamilton_2000x742_v2.jpg
reason:[SSL: CERTIFICATE_VERIFY_FAILED] certificate verify failed (_ssl.c:852)
2020-07-19 21:19:47,984 ERROR     URLError while downloading image https://www.shnsf.com/content/Images/19-20%20Season/Hamilton%2019/BSF_Hamilton_2000x742_NoLogo.jpg
reason:[SSL: CERTIFICATE_VERIFY_FAILED] certificate verify failed (_ssl.c:852)
2020-07-19 22:21:42,023 ERROR     Unexpeted error while downloading image https://imgak.mmtcdn.com/seo/travel-guide/sites/default/files/styles/travel_guide/Shopping_SanChestnutStreet_580x438.jpg
error type:<class 'ConnectionResetError'>, args:(104, 'Connection reset by peer')
2020-07-19 22:24:24,713 ERROR     URLError while downloading image https://lh3.googleusercontent.com/proxy/51pnJxb9-ceg04digHS0tj7sbQHiWmK03ln2KC3buiWiULGTbnq2TWktpllZa3-APfrJLGpNfiMVpQKdDAnSp6P0dQqD_pCavRfCqqCGhtt9AkCWWVrpLQ8eNzfG4XmgcEWOrcFsVCfK
reason:Forbidden
2020-07-19 22:24:24,836 ERROR     URLError while downloading image https://lh3.googleusercontent.com/proxy/hkspBf0fNavL1hAdUQKTooNiQyGRdFMjhjZ07EnoX4MEuagk2KNkEkA6K1KhdWnlQCSUZVJfk7GTxU724jtJoXwh604b5voPQgfIDJIUb8qriwHcR7tyF07oSRUdMf8cO6__cq7bSXhK
reason:Forbidden
2020-07-19 22:24:25,814 ERROR     URLError while downloading image https://lh3.googleusercontent.com/proxy/oT4NoXxckqlYcPL4K15erx1jrslSWbN2e64WGHhdiVu-_cOi-pnemT8_KkrJbgG4miUgWhXWSppmrT8ozcdJadDJmjvCyccFxpRatYXed-fuxRfbYcAznTgLA8tZIBNCH0EwQFQ
reason:Forbidden
2020-07-19 22:28:00,558 ERROR     URLError while downloading image https://lh3.googleusercontent.com/proxy/3GOz8Iz-D_U4aGXuiKtSHDmYI3Os9MhTTlXg26bzRwjJgz_YJjLIpDbaJtTN3bQI4YPX9dB13W-NKg_aGOp4Ssbx1iRpk6yJ5LQEwLcuT1bT_10KAUtarjkcno5PC9huEPEgrXtrcryZSmMusIpsdmXFVkh8xAzvVXWSYEcBtF6nlWZzGXozn0DdDi9JGzHcsnVatbrBXw
reason:Forbidden
2020-07-19 22:28:00,732 ERROR     URLError while downloading image https://lh3.googleusercontent.com/proxy/_loOUfgZMzGAB6pH_FSPvCzM3M9J2bexSru4J-c1_UrH9dfAgrFwqurY_KlV_cU9dgEeJl2u54XICHe11zo_gc1klNg0g2UhVFuXDYYoaqhn_iCP-J_QSNAl4m__wFMoRls24IjJfzuLi_aMYOQs5nddV5vk-L7LAS8CPJm2KHTDxIpInGHn3xClIsB7SWDP23dzQ4Gx7A
reason:Forbidden
2020-07-19 22:28:00,872 ERROR     URLError while downloading image https://lh3.googleusercontent.com/proxy/2HphfN43ZLcZnyWIHcPiWYZzVwYPHD492_2RsfGsJE5nFM_-1dhl9D6OJShsUYdu9sBfjZk_ZtQpl4YVYFUmszC7NWSDk2O9U_eyDf6Rf9S9pfPClVryw5QYTfd89Su08datUbAwd0z527ZXaxOWX-2GMZW281_Kh5R_vspYZlxK1ReK5ymOGxoHRsBAqCh4Fa_KxmOxOg
reason:Forbidden
2020-07-19 22:28:01,789 ERROR     URLError while downloading image https://lh3.googleusercontent.com/proxy/GHRJwniVK61TtINWIMqy98wPdJi9SaDCKG3KLiGy79ECW0AcBitx3DltG2_IfhReQ3AUuYaBGcbOlFuaUgmgQgmZbTqd9EtqDNd7Eu_RITBhj8XMyRjQtdg5emyHAVKQ_BqnQx3_IPWmMLzK8Y8sCsy84PdeP2klz9nuv7SytlBHGfCWy0xHLqj_uzHBn8zNNxg7o_G-zA
reason:Forbidden
